{"numFailedTestSuites":0,"numFailedTests":0,"numPassedTestSuites":2,"numPassedTests":5,"numPendingTestSuites":0,"numPendingTests":0,"numRuntimeErrorTestSuites":0,"numTotalTestSuites":2,"numTotalTests":5,"snapshot":{"added":0,"didUpdate":false,"failure":false,"filesAdded":0,"filesRemoved":0,"filesUnmatched":0,"filesUpdated":0,"matched":3,"total":3,"unchecked":0,"unmatched":0,"updated":0},"startTime":1522905264361,"success":true,"testResults":[{"assertionResults":[{"failureMessages":[],"status":"passed","title":"renders without crashing"},{"failureMessages":[],"status":"passed","title":"shallow a TextInput"},{"failureMessages":[],"status":"passed","title":"shallow a 2 TextInput"}],"endTime":1522905264661,"message":"","name":"/home/alan/dev/alan/simple-schema-material-form/src/components/SimpleForm/SimpleForm.test.js","startTime":1522905264367,"status":"passed","summary":""},{"assertionResults":[{"failureMessages":[],"status":"passed","title":"renders without crashing"},{"failureMessages":[],"status":"passed","title":"shallow a Checkbox"}],"endTime":1522905264853,"message":"","name":"/home/alan/dev/alan/simple-schema-material-form/src/components/SimpleForm/Checkbox.test.jsx","startTime":1522905264666,"status":"passed","summary":""}],"wasInterrupted":false,"coverageMap":{"/home/alan/dev/alan/simple-schema-material-form/src/setupTests.js":{"path":"/home/alan/dev/alan/simple-schema-material-form/src/setupTests.js","statementMap":{"0":{"start":{"line":5,"column":0},"end":{"line":5,"column":45}}},"fnMap":{},"branchMap":{},"s":{"0":2},"f":{},"b":{},"_coverageSchema":"332fd63041d2c1bcb487cc26dd0d5f7d97098a6c","hash":"0c7ae3ab0e050d0e362b93190e13f72c4eff495c"},"/home/alan/dev/alan/simple-schema-material-form/src/components/SimpleForm/SimpleForm.jsx":{"path":"/home/alan/dev/alan/simple-schema-material-form/src/components/SimpleForm/SimpleForm.jsx","statementMap":{"0":{"start":{"line":7,"column":22},"end":{"line":25,"column":1}},"1":{"start":{"line":7,"column":43},"end":{"line":25,"column":1}},"2":{"start":{"line":8,"column":24},"end":{"line":8,"column":35}},"3":{"start":{"line":9,"column":16},"end":{"line":9,"column":44}},"4":{"start":{"line":11,"column":21},"end":{"line":18,"column":3}},"5":{"start":{"line":20,"column":2},"end":{"line":24,"column":4}},"6":{"start":{"line":28,"column":19},"end":{"line":37,"column":1}},"7":{"start":{"line":29,"column":36},"end":{"line":29,"column":41}},"8":{"start":{"line":30,"column":24},"end":{"line":30,"column":54}},"9":{"start":{"line":31,"column":2},"end":{"line":36,"column":4}},"10":{"start":{"line":34,"column":29},"end":{"line":34,"column":42}},"11":{"start":{"line":40,"column":16},"end":{"line":55,"column":1}},"12":{"start":{"line":47,"column":27},"end":{"line":52,"column":7}},"13":{"start":{"line":48,"column":23},"end":{"line":48,"column":40}},"14":{"start":{"line":49,"column":8},"end":{"line":51,"column":10}},"15":{"start":{"line":57,"column":27},"end":{"line":57,"column":46}},"16":{"start":{"line":59,"column":0},"end":{"line":62,"column":2}},"17":{"start":{"line":64,"column":0},"end":{"line":72,"column":2}}},"fnMap":{"0":{"name":"(anonymous_0)","decl":{"start":{"line":7,"column":22},"end":{"line":7,"column":23}},"loc":{"start":{"line":7,"column":43},"end":{"line":25,"column":1}},"line":7},"1":{"name":"(anonymous_1)","decl":{"start":{"line":7,"column":43},"end":{"line":7,"column":44}},"loc":{"start":{"line":7,"column":52},"end":{"line":25,"column":1}},"line":7},"2":{"name":"(anonymous_2)","decl":{"start":{"line":28,"column":19},"end":{"line":28,"column":20}},"loc":{"start":{"line":28,"column":30},"end":{"line":37,"column":1}},"line":28},"3":{"name":"(anonymous_3)","decl":{"start":{"line":34,"column":23},"end":{"line":34,"column":24}},"loc":{"start":{"line":34,"column":29},"end":{"line":34,"column":42}},"line":34},"4":{"name":"(anonymous_4)","decl":{"start":{"line":47,"column":14},"end":{"line":47,"column":15}},"loc":{"start":{"line":47,"column":27},"end":{"line":52,"column":7}},"line":47},"5":{"name":"(anonymous_5)","decl":{"start":{"line":47,"column":27},"end":{"line":47,"column":28}},"loc":{"start":{"line":47,"column":36},"end":{"line":52,"column":7}},"line":47}},"branchMap":{},"s":{"0":1,"1":6,"2":9,"3":9,"4":9,"5":9,"6":1,"7":6,"8":6,"9":6,"10":2,"11":1,"12":3,"13":3,"14":3,"15":1,"16":1,"17":1},"f":{"0":6,"1":9,"2":6,"3":2,"4":3,"5":3},"b":{},"_coverageSchema":"332fd63041d2c1bcb487cc26dd0d5f7d97098a6c","hash":"bfa62e07b11883000080e43a47ecaea47a4afa82"},"/home/alan/dev/alan/simple-schema-material-form/src/components/SimpleForm/TextInput.jsx":{"path":"/home/alan/dev/alan/simple-schema-material-form/src/components/SimpleForm/TextInput.jsx","statementMap":{"0":{"start":{"line":8,"column":18},"end":{"line":20,"column":1}},"1":{"start":{"line":9,"column":37},"end":{"line":9,"column":42}},"2":{"start":{"line":10,"column":16},"end":{"line":10,"column":44}},"3":{"start":{"line":11,"column":17},"end":{"line":11,"column":60}},"4":{"start":{"line":13,"column":21},"end":{"line":18,"column":3}},"5":{"start":{"line":15,"column":19},"end":{"line":15,"column":58}},"6":{"start":{"line":19,"column":2},"end":{"line":19,"column":39}}},"fnMap":{"0":{"name":"(anonymous_0)","decl":{"start":{"line":8,"column":18},"end":{"line":8,"column":19}},"loc":{"start":{"line":8,"column":27},"end":{"line":20,"column":1}},"line":8},"1":{"name":"(anonymous_1)","decl":{"start":{"line":15,"column":14},"end":{"line":15,"column":15}},"loc":{"start":{"line":15,"column":19},"end":{"line":15,"column":58}},"line":15}},"branchMap":{},"s":{"0":1,"1":7,"2":7,"3":7,"4":7,"5":3,"6":7},"f":{"0":7,"1":3},"b":{},"_coverageSchema":"332fd63041d2c1bcb487cc26dd0d5f7d97098a6c","hash":"ee86244b32dc309247a87f2e7fc7b4cbb0c2b6cf"},"/home/alan/dev/alan/simple-schema-material-form/src/components/SimpleForm/Checkbox.jsx":{"path":"/home/alan/dev/alan/simple-schema-material-form/src/components/SimpleForm/Checkbox.jsx","statementMap":{"0":{"start":{"line":8,"column":17},"end":{"line":32,"column":1}},"1":{"start":{"line":11,"column":6},"end":{"line":11,"column":11}},"2":{"start":{"line":13,"column":2},"end":{"line":31,"column":4}},"3":{"start":{"line":18,"column":11},"end":{"line":27,"column":12}},"4":{"start":{"line":22,"column":41},"end":{"line":22,"column":113}}},"fnMap":{"0":{"name":"(anonymous_0)","decl":{"start":{"line":8,"column":17},"end":{"line":8,"column":18}},"loc":{"start":{"line":8,"column":26},"end":{"line":32,"column":1}},"line":8},"1":{"name":"(anonymous_1)","decl":{"start":{"line":17,"column":27},"end":{"line":17,"column":28}},"loc":{"start":{"line":18,"column":11},"end":{"line":27,"column":12}},"line":18},"2":{"name":"(anonymous_2)","decl":{"start":{"line":22,"column":24},"end":{"line":22,"column":25}},"loc":{"start":{"line":22,"column":41},"end":{"line":22,"column":113}},"line":22}},"branchMap":{"0":{"loc":{"start":{"line":10,"column":19},"end":{"line":10,"column":37}},"type":"default-arg","locations":[{"start":{"line":10,"column":35},"end":{"line":10,"column":37}}],"line":10},"1":{"loc":{"start":{"line":23,"column":21},"end":{"line":23,"column":32}},"type":"binary-expr","locations":[{"start":{"line":23,"column":21},"end":{"line":23,"column":26}},{"start":{"line":23,"column":30},"end":{"line":23,"column":32}}],"line":23}},"s":{"0":1,"1":2,"2":2,"3":2,"4":2},"f":{"0":2,"1":2,"2":2},"b":{"0":[1],"1":[2,0]},"_coverageSchema":"332fd63041d2c1bcb487cc26dd0d5f7d97098a6c","hash":"1af0623e4b07c0e0fea9cfad96f20fb10b8d7678"},"/home/alan/dev/alan/simple-schema-material-form/src/pages/Index.jsx":{"path":"/home/alan/dev/alan/simple-schema-material-form/src/pages/Index.jsx","statementMap":{"0":{"start":{"line":1,"column":13},"end":{"line":1,"column":75}},"1":{"start":{"line":1,"column":94},"end":{"line":1,"column":163}},"2":{"start":{"line":1,"column":177},"end":{"line":1,"column":193}},"3":{"start":{"line":1,"column":208},"end":{"line":1,"column":238}},"4":{"start":{"line":2,"column":14},"end":{"line":2,"column":43}},"5":{"start":{"line":2,"column":59},"end":{"line":2,"column":90}},"6":{"start":{"line":4,"column":14},"end":{"line":4,"column":43}},"7":{"start":{"line":5,"column":16},"end":{"line":5,"column":38}},"8":{"start":{"line":5,"column":56},"end":{"line":5,"column":89}},"9":{"start":{"line":5,"column":128},"end":{"line":5,"column":182}},"10":{"start":{"line":7,"column":15},"end":{"line":10,"column":44}},"11":{"start":{"line":7,"column":25},"end":{"line":10,"column":43}},"12":{"start":{"line":15,"column":2},"end":{"line":17,"column":152}},"13":{"start":{"line":21,"column":1},"end":{"line":24,"column":64}}},"fnMap":{"0":{"name":"_interopRequireDefault","decl":{"start":{"line":5,"column":99},"end":{"line":5,"column":121}},"loc":{"start":{"line":5,"column":127},"end":{"line":5,"column":183}},"line":5},"1":{"name":"(anonymous_1)","decl":{"start":{"line":7,"column":15},"end":{"line":7,"column":16}},"loc":{"start":{"line":7,"column":25},"end":{"line":10,"column":43}},"line":7},"2":{"name":"Index","decl":{"start":{"line":14,"column":9},"end":{"line":14,"column":14}},"loc":{"start":{"line":14,"column":23},"end":{"line":21,"column":1}},"line":14}},"branchMap":{"0":{"loc":{"start":{"line":5,"column":135},"end":{"line":5,"column":181}},"type":"cond-expr","locations":[{"start":{"line":5,"column":159},"end":{"line":5,"column":162}},{"start":{"line":5,"column":165},"end":{"line":5,"column":181}}],"line":5},"1":{"loc":{"start":{"line":5,"column":135},"end":{"line":5,"column":156}},"type":"binary-expr","locations":[{"start":{"line":5,"column":135},"end":{"line":5,"column":138}},{"start":{"line":5,"column":142},"end":{"line":5,"column":156}}],"line":5}},"s":{"0":0,"1":0,"2":0,"3":0,"4":0,"5":0,"6":0,"7":0,"8":0,"9":0,"10":0,"11":0,"12":0,"13":0},"f":{"0":0,"1":0,"2":0},"b":{"0":[0,0],"1":[0,0]}},"/home/alan/dev/alan/simple-schema-material-form/src/withRoot.jsx":{"path":"/home/alan/dev/alan/simple-schema-material-form/src/withRoot.jsx","statementMap":{"0":{"start":{"line":1,"column":13},"end":{"line":1,"column":75}},"1":{"start":{"line":1,"column":94},"end":{"line":1,"column":160}},"2":{"start":{"line":1,"column":174},"end":{"line":1,"column":190}},"3":{"start":{"line":1,"column":205},"end":{"line":1,"column":235}},"4":{"start":{"line":2,"column":14},"end":{"line":2,"column":43}},"5":{"start":{"line":3,"column":14},"end":{"line":3,"column":50}},"6":{"start":{"line":3,"column":66},"end":{"line":3,"column":97}},"7":{"start":{"line":4,"column":13},"end":{"line":4,"column":48}},"8":{"start":{"line":4,"column":63},"end":{"line":4,"column":93}},"9":{"start":{"line":5,"column":19},"end":{"line":5,"column":53}},"10":{"start":{"line":5,"column":74},"end":{"line":5,"column":110}},"11":{"start":{"line":5,"column":149},"end":{"line":5,"column":203}},"12":{"start":{"line":9,"column":14},"end":{"line":19,"column":39}},"13":{"start":{"line":28,"column":4},"end":{"line":32,"column":149}},"14":{"start":{"line":37,"column":2},"end":{"line":37,"column":18}},"15":{"start":{"line":38,"column":1},"end":{"line":40,"column":9}}},"fnMap":{"0":{"name":"_interopRequireDefault","decl":{"start":{"line":5,"column":120},"end":{"line":5,"column":142}},"loc":{"start":{"line":5,"column":148},"end":{"line":5,"column":204}},"line":5},"1":{"name":"withRoot","decl":{"start":{"line":24,"column":9},"end":{"line":24,"column":17}},"loc":{"start":{"line":24,"column":29},"end":{"line":38,"column":1}},"line":24},"2":{"name":"WithRoot","decl":{"start":{"line":25,"column":11},"end":{"line":25,"column":19}},"loc":{"start":{"line":25,"column":27},"end":{"line":35,"column":3}},"line":25}},"branchMap":{"0":{"loc":{"start":{"line":5,"column":156},"end":{"line":5,"column":202}},"type":"cond-expr","locations":[{"start":{"line":5,"column":180},"end":{"line":5,"column":183}},{"start":{"line":5,"column":186},"end":{"line":5,"column":202}}],"line":5},"1":{"loc":{"start":{"line":5,"column":156},"end":{"line":5,"column":177}},"type":"binary-expr","locations":[{"start":{"line":5,"column":156},"end":{"line":5,"column":159}},{"start":{"line":5,"column":163},"end":{"line":5,"column":177}}],"line":5}},"s":{"0":0,"1":0,"2":0,"3":0,"4":0,"5":0,"6":0,"7":0,"8":0,"9":0,"10":0,"11":0,"12":0,"13":0,"14":0,"15":0},"f":{"0":0,"1":0,"2":0},"b":{"0":[0,0],"1":[0,0]}},"/home/alan/dev/alan/simple-schema-material-form/src/stories/withTests.js":{"path":"/home/alan/dev/alan/simple-schema-material-form/src/stories/withTests.js","statementMap":{"0":{"start":{"line":1,"column":13},"end":{"line":1,"column":75}},"1":{"start":{"line":1,"column":92},"end":{"line":1,"column":124}},"2":{"start":{"line":2,"column":23},"end":{"line":2,"column":63}},"3":{"start":{"line":2,"column":88},"end":{"line":2,"column":128}},"4":{"start":{"line":2,"column":167},"end":{"line":2,"column":221}},"5":{"start":{"line":2,"column":222},"end":{"line":5,"column":40}}},"fnMap":{"0":{"name":"_interopRequireDefault","decl":{"start":{"line":2,"column":138},"end":{"line":2,"column":160}},"loc":{"start":{"line":2,"column":166},"end":{"line":2,"column":222}},"line":2}},"branchMap":{"0":{"loc":{"start":{"line":2,"column":174},"end":{"line":2,"column":220}},"type":"cond-expr","locations":[{"start":{"line":2,"column":198},"end":{"line":2,"column":201}},{"start":{"line":2,"column":204},"end":{"line":2,"column":220}}],"line":2},"1":{"loc":{"start":{"line":2,"column":174},"end":{"line":2,"column":195}},"type":"binary-expr","locations":[{"start":{"line":2,"column":174},"end":{"line":2,"column":177}},{"start":{"line":2,"column":181},"end":{"line":2,"column":195}}],"line":2}},"s":{"0":0,"1":0,"2":0,"3":0,"4":0,"5":0},"f":{"0":0},"b":{"0":[0,0],"1":[0,0]}},"/home/alan/dev/alan/simple-schema-material-form/src/components/Form/index.js":{"path":"/home/alan/dev/alan/simple-schema-material-form/src/components/Form/index.js","statementMap":{"0":{"start":{"line":1,"column":13},"end":{"line":1,"column":75}},"1":{"start":{"line":1,"column":87},"end":{"line":1,"column":104}},"2":{"start":{"line":1,"column":118},"end":{"line":1,"column":147}},"3":{"start":{"line":1,"column":186},"end":{"line":1,"column":240}},"4":{"start":{"line":1,"column":241},"end":{"line":1,"column":274}}},"fnMap":{"0":{"name":"_interopRequireDefault","decl":{"start":{"line":1,"column":157},"end":{"line":1,"column":179}},"loc":{"start":{"line":1,"column":185},"end":{"line":1,"column":241}},"line":1}},"branchMap":{"0":{"loc":{"start":{"line":1,"column":193},"end":{"line":1,"column":239}},"type":"cond-expr","locations":[{"start":{"line":1,"column":217},"end":{"line":1,"column":220}},{"start":{"line":1,"column":223},"end":{"line":1,"column":239}}],"line":1},"1":{"loc":{"start":{"line":1,"column":193},"end":{"line":1,"column":214}},"type":"binary-expr","locations":[{"start":{"line":1,"column":193},"end":{"line":1,"column":196}},{"start":{"line":1,"column":200},"end":{"line":1,"column":214}}],"line":1}},"s":{"0":0,"1":0,"2":0,"3":0,"4":0},"f":{"0":0},"b":{"0":[0,0],"1":[0,0]}},"/home/alan/dev/alan/simple-schema-material-form/src/components/Form/Form.stories.js":{"path":"/home/alan/dev/alan/simple-schema-material-form/src/components/Form/Form.stories.js","statementMap":{"0":{"start":{"line":1,"column":32},"end":{"line":1,"column":117}},"1":{"start":{"line":1,"column":131},"end":{"line":1,"column":147}},"2":{"start":{"line":1,"column":162},"end":{"line":1,"column":192}},"3":{"start":{"line":2,"column":14},"end":{"line":2,"column":41}},"4":{"start":{"line":3,"column":17},"end":{"line":3,"column":49}},"5":{"start":{"line":4,"column":12},"end":{"line":4,"column":29}},"6":{"start":{"line":4,"column":43},"end":{"line":4,"column":72}},"7":{"start":{"line":5,"column":17},"end":{"line":5,"column":40}},"8":{"start":{"line":5,"column":59},"end":{"line":5,"column":93}},"9":{"start":{"line":6,"column":23},"end":{"line":6,"column":66}},"10":{"start":{"line":6,"column":91},"end":{"line":6,"column":131}},"11":{"start":{"line":6,"column":170},"end":{"line":6,"column":224}},"12":{"start":{"line":8,"column":0},"end":{"line":12,"column":316}},"13":{"start":{"line":12,"column":28},"end":{"line":12,"column":314}}},"fnMap":{"0":{"name":"_interopRequireDefault","decl":{"start":{"line":6,"column":141},"end":{"line":6,"column":163}},"loc":{"start":{"line":6,"column":169},"end":{"line":6,"column":225}},"line":6},"1":{"name":"(anonymous_1)","decl":{"start":{"line":12,"column":22},"end":{"line":12,"column":23}},"loc":{"start":{"line":12,"column":28},"end":{"line":12,"column":314}},"line":12}},"branchMap":{"0":{"loc":{"start":{"line":6,"column":177},"end":{"line":6,"column":223}},"type":"cond-expr","locations":[{"start":{"line":6,"column":201},"end":{"line":6,"column":204}},{"start":{"line":6,"column":207},"end":{"line":6,"column":223}}],"line":6},"1":{"loc":{"start":{"line":6,"column":177},"end":{"line":6,"column":198}},"type":"binary-expr","locations":[{"start":{"line":6,"column":177},"end":{"line":6,"column":180}},{"start":{"line":6,"column":184},"end":{"line":6,"column":198}}],"line":6}},"s":{"0":0,"1":0,"2":0,"3":0,"4":0,"5":0,"6":0,"7":0,"8":0,"9":0,"10":0,"11":0,"12":0,"13":0},"f":{"0":0,"1":0},"b":{"0":[0,0],"1":[0,0]}},"/home/alan/dev/alan/simple-schema-material-form/src/components/Form/Form.jsx":{"path":"/home/alan/dev/alan/simple-schema-material-form/src/components/Form/Form.jsx","statementMap":{"0":{"start":{"line":1,"column":13},"end":{"line":1,"column":75}},"1":{"start":{"line":1,"column":94},"end":{"line":1,"column":172}},"2":{"start":{"line":1,"column":186},"end":{"line":1,"column":202}},"3":{"start":{"line":1,"column":217},"end":{"line":1,"column":247}},"4":{"start":{"line":2,"column":17},"end":{"line":2,"column":38}},"5":{"start":{"line":2,"column":57},"end":{"line":2,"column":91}},"6":{"start":{"line":3,"column":17},"end":{"line":3,"column":37}},"7":{"start":{"line":4,"column":12},"end":{"line":4,"column":39}},"8":{"start":{"line":4,"column":78},"end":{"line":4,"column":132}},"9":{"start":{"line":7,"column":13},"end":{"line":13,"column":1}},"10":{"start":{"line":8,"column":2},"end":{"line":10,"column":17}},"11":{"start":{"line":15,"column":0},"end":{"line":16,"column":19}},"12":{"start":{"line":19,"column":0},"end":{"line":20,"column":101}},"13":{"start":{"line":23,"column":16},"end":{"line":23,"column":87}},"14":{"start":{"line":23,"column":88},"end":{"line":25,"column":14}}},"fnMap":{"0":{"name":"_interopRequireDefault","decl":{"start":{"line":4,"column":49},"end":{"line":4,"column":71}},"loc":{"start":{"line":4,"column":77},"end":{"line":4,"column":133}},"line":4},"1":{"name":"(anonymous_1)","decl":{"start":{"line":7,"column":13},"end":{"line":7,"column":14}},"loc":{"start":{"line":7,"column":31},"end":{"line":13,"column":1}},"line":7}},"branchMap":{"0":{"loc":{"start":{"line":4,"column":85},"end":{"line":4,"column":131}},"type":"cond-expr","locations":[{"start":{"line":4,"column":109},"end":{"line":4,"column":112}},{"start":{"line":4,"column":115},"end":{"line":4,"column":131}}],"line":4},"1":{"loc":{"start":{"line":4,"column":85},"end":{"line":4,"column":106}},"type":"binary-expr","locations":[{"start":{"line":4,"column":85},"end":{"line":4,"column":88}},{"start":{"line":4,"column":92},"end":{"line":4,"column":106}}],"line":4}},"s":{"0":0,"1":0,"2":0,"3":0,"4":0,"5":0,"6":0,"7":0,"8":0,"9":0,"10":0,"11":0,"12":0,"13":0,"14":0},"f":{"0":0,"1":0},"b":{"0":[0,0],"1":[0,0]}},"/home/alan/dev/alan/simple-schema-material-form/src/stories/TextInput.stories.js":{"path":"/home/alan/dev/alan/simple-schema-material-form/src/stories/TextInput.stories.js","statementMap":{"0":{"start":{"line":1,"column":32},"end":{"line":1,"column":114}},"1":{"start":{"line":1,"column":128},"end":{"line":1,"column":144}},"2":{"start":{"line":1,"column":159},"end":{"line":1,"column":189}},"3":{"start":{"line":2,"column":14},"end":{"line":2,"column":41}},"4":{"start":{"line":3,"column":17},"end":{"line":3,"column":51}},"5":{"start":{"line":3,"column":70},"end":{"line":3,"column":104}},"6":{"start":{"line":3,"column":143},"end":{"line":3,"column":197}},"7":{"start":{"line":5,"column":0},"end":{"line":6,"column":187}},"8":{"start":{"line":6,"column":20},"end":{"line":6,"column":185}}},"fnMap":{"0":{"name":"_interopRequireDefault","decl":{"start":{"line":3,"column":114},"end":{"line":3,"column":136}},"loc":{"start":{"line":3,"column":142},"end":{"line":3,"column":198}},"line":3},"1":{"name":"(anonymous_1)","decl":{"start":{"line":6,"column":14},"end":{"line":6,"column":15}},"loc":{"start":{"line":6,"column":20},"end":{"line":6,"column":185}},"line":6}},"branchMap":{"0":{"loc":{"start":{"line":3,"column":150},"end":{"line":3,"column":196}},"type":"cond-expr","locations":[{"start":{"line":3,"column":174},"end":{"line":3,"column":177}},{"start":{"line":3,"column":180},"end":{"line":3,"column":196}}],"line":3},"1":{"loc":{"start":{"line":3,"column":150},"end":{"line":3,"column":171}},"type":"binary-expr","locations":[{"start":{"line":3,"column":150},"end":{"line":3,"column":153}},{"start":{"line":3,"column":157},"end":{"line":3,"column":171}}],"line":3}},"s":{"0":0,"1":0,"2":0,"3":0,"4":0,"5":0,"6":0,"7":0,"8":0},"f":{"0":0,"1":0},"b":{"0":[0,0],"1":[0,0]}},"/home/alan/dev/alan/simple-schema-material-form/src/components/SimpleForm/index.js":{"path":"/home/alan/dev/alan/simple-schema-material-form/src/components/SimpleForm/index.js","statementMap":{"0":{"start":{"line":1,"column":13},"end":{"line":1,"column":75}},"1":{"start":{"line":1,"column":93},"end":{"line":1,"column":116}},"2":{"start":{"line":1,"column":136},"end":{"line":1,"column":171}},"3":{"start":{"line":1,"column":210},"end":{"line":1,"column":264}},"4":{"start":{"line":1,"column":265},"end":{"line":1,"column":304}}},"fnMap":{"0":{"name":"_interopRequireDefault","decl":{"start":{"line":1,"column":181},"end":{"line":1,"column":203}},"loc":{"start":{"line":1,"column":209},"end":{"line":1,"column":265}},"line":1}},"branchMap":{"0":{"loc":{"start":{"line":1,"column":217},"end":{"line":1,"column":263}},"type":"cond-expr","locations":[{"start":{"line":1,"column":241},"end":{"line":1,"column":244}},{"start":{"line":1,"column":247},"end":{"line":1,"column":263}}],"line":1},"1":{"loc":{"start":{"line":1,"column":217},"end":{"line":1,"column":238}},"type":"binary-expr","locations":[{"start":{"line":1,"column":217},"end":{"line":1,"column":220}},{"start":{"line":1,"column":224},"end":{"line":1,"column":238}}],"line":1}},"s":{"0":0,"1":0,"2":0,"3":0,"4":0},"f":{"0":0},"b":{"0":[0,0],"1":[0,0]}},"/home/alan/dev/alan/simple-schema-material-form/src/components/TextInput/index.js":{"path":"/home/alan/dev/alan/simple-schema-material-form/src/components/TextInput/index.js","statementMap":{"0":{"start":{"line":1,"column":13},"end":{"line":1,"column":75}},"1":{"start":{"line":1,"column":75},"end":{"line":1,"column":123}},"2":{"start":{"line":1,"column":140},"end":{"line":1,"column":160}},"3":{"start":{"line":3,"column":17},"end":{"line":3,"column":39}},"4":{"start":{"line":3,"column":58},"end":{"line":3,"column":92}},"5":{"start":{"line":3,"column":131},"end":{"line":3,"column":185}},"6":{"start":{"line":5,"column":16},"end":{"line":5,"column":109}},"7":{"start":{"line":5,"column":102},"end":{"line":5,"column":107}},"8":{"start":{"line":5,"column":110},"end":{"line":7,"column":32}},"9":{"start":{"line":7,"column":32},"end":{"line":7,"column":58}},"10":{"start":{"line":7,"column":58},"end":{"line":9,"column":29}}},"fnMap":{"0":{"name":"_interopRequireDefault","decl":{"start":{"line":3,"column":102},"end":{"line":3,"column":124}},"loc":{"start":{"line":3,"column":130},"end":{"line":3,"column":186}},"line":3},"1":{"name":"(anonymous_1)","decl":{"start":{"line":5,"column":87},"end":{"line":5,"column":88}},"loc":{"start":{"line":5,"column":102},"end":{"line":5,"column":107}},"line":5}},"branchMap":{"0":{"loc":{"start":{"line":3,"column":138},"end":{"line":3,"column":184}},"type":"cond-expr","locations":[{"start":{"line":3,"column":162},"end":{"line":3,"column":165}},{"start":{"line":3,"column":168},"end":{"line":3,"column":184}}],"line":3},"1":{"loc":{"start":{"line":3,"column":138},"end":{"line":3,"column":159}},"type":"binary-expr","locations":[{"start":{"line":3,"column":138},"end":{"line":3,"column":141}},{"start":{"line":3,"column":145},"end":{"line":3,"column":159}}],"line":3}},"s":{"0":0,"1":0,"2":0,"3":0,"4":0,"5":0,"6":0,"7":0,"8":0,"9":0,"10":0},"f":{"0":0,"1":0},"b":{"0":[0,0],"1":[0,0]}},"/home/alan/dev/alan/simple-schema-material-form/src/components/TextInput/Values.js":{"path":"/home/alan/dev/alan/simple-schema-material-form/src/components/TextInput/Values.js","statementMap":{"0":{"start":{"line":1,"column":13},"end":{"line":1,"column":75}},"1":{"start":{"line":1,"column":94},"end":{"line":1,"column":178}},"2":{"start":{"line":1,"column":192},"end":{"line":1,"column":208}},"3":{"start":{"line":1,"column":223},"end":{"line":1,"column":253}},"4":{"start":{"line":2,"column":13},"end":{"line":2,"column":29}},"5":{"start":{"line":2,"column":68},"end":{"line":2,"column":122}},"6":{"start":{"line":4,"column":19},"end":{"line":10,"column":1}},"7":{"start":{"line":5,"column":2},"end":{"line":7,"column":158}},"8":{"start":{"line":14,"column":23},"end":{"line":14,"column":131}},"9":{"start":{"line":14,"column":83},"end":{"line":14,"column":116}},"10":{"start":{"line":16,"column":4},"end":{"line":18,"column":147}},"11":{"start":{"line":21,"column":4},"end":{"line":21,"column":29}}},"fnMap":{"0":{"name":"_interopRequireDefault","decl":{"start":{"line":2,"column":39},"end":{"line":2,"column":61}},"loc":{"start":{"line":2,"column":67},"end":{"line":2,"column":123}},"line":2},"1":{"name":"(anonymous_1)","decl":{"start":{"line":4,"column":19},"end":{"line":4,"column":20}},"loc":{"start":{"line":4,"column":28},"end":{"line":10,"column":1}},"line":4},"2":{"name":"(anonymous_2)","decl":{"start":{"line":13,"column":2},"end":{"line":13,"column":3}},"loc":{"start":{"line":13,"column":11},"end":{"line":21,"column":3}},"line":13},"3":{"name":"(anonymous_3)","decl":{"start":{"line":14,"column":68},"end":{"line":14,"column":69}},"loc":{"start":{"line":14,"column":83},"end":{"line":14,"column":116}},"line":14}},"branchMap":{"0":{"loc":{"start":{"line":2,"column":75},"end":{"line":2,"column":121}},"type":"cond-expr","locations":[{"start":{"line":2,"column":99},"end":{"line":2,"column":102}},{"start":{"line":2,"column":105},"end":{"line":2,"column":121}}],"line":2},"1":{"loc":{"start":{"line":2,"column":75},"end":{"line":2,"column":96}},"type":"binary-expr","locations":[{"start":{"line":2,"column":75},"end":{"line":2,"column":78}},{"start":{"line":2,"column":82},"end":{"line":2,"column":96}}],"line":2}},"s":{"0":0,"1":0,"2":0,"3":0,"4":0,"5":0,"6":0,"7":0,"8":0,"9":0,"10":0,"11":0},"f":{"0":0,"1":0,"2":0,"3":0},"b":{"0":[0,0],"1":[0,0]}},"/home/alan/dev/alan/simple-schema-material-form/src/components/SimpleForm/SimpleForm.stories.js":{"path":"/home/alan/dev/alan/simple-schema-material-form/src/components/SimpleForm/SimpleForm.stories.js","statementMap":{"0":{"start":{"line":1,"column":32},"end":{"line":1,"column":129}},"1":{"start":{"line":1,"column":143},"end":{"line":1,"column":159}},"2":{"start":{"line":1,"column":174},"end":{"line":1,"column":204}},"3":{"start":{"line":2,"column":14},"end":{"line":2,"column":41}},"4":{"start":{"line":3,"column":20},"end":{"line":3,"column":55}},"5":{"start":{"line":4,"column":18},"end":{"line":4,"column":41}},"6":{"start":{"line":4,"column":61},"end":{"line":4,"column":96}},"7":{"start":{"line":5,"column":17},"end":{"line":5,"column":39}},"8":{"start":{"line":5,"column":58},"end":{"line":5,"column":92}},"9":{"start":{"line":6,"column":16},"end":{"line":6,"column":37}},"10":{"start":{"line":6,"column":55},"end":{"line":6,"column":88}},"11":{"start":{"line":7,"column":17},"end":{"line":7,"column":51}},"12":{"start":{"line":7,"column":70},"end":{"line":7,"column":104}},"13":{"start":{"line":7,"column":143},"end":{"line":7,"column":197}},"14":{"start":{"line":9,"column":0},"end":{"line":30,"column":152}},"15":{"start":{"line":12,"column":0},"end":{"line":13,"column":149}},"16":{"start":{"line":17,"column":0},"end":{"line":19,"column":150}},"17":{"start":{"line":23,"column":0},"end":{"line":24,"column":217}},"18":{"start":{"line":28,"column":0},"end":{"line":30,"column":150}}},"fnMap":{"0":{"name":"_interopRequireDefault","decl":{"start":{"line":7,"column":114},"end":{"line":7,"column":136}},"loc":{"start":{"line":7,"column":142},"end":{"line":7,"column":198}},"line":7},"1":{"name":"(anonymous_1)","decl":{"start":{"line":11,"column":22},"end":{"line":11,"column":23}},"loc":{"start":{"line":12,"column":0},"end":{"line":13,"column":149}},"line":12},"2":{"name":"(anonymous_2)","decl":{"start":{"line":16,"column":24},"end":{"line":16,"column":25}},"loc":{"start":{"line":17,"column":0},"end":{"line":19,"column":150}},"line":17},"3":{"name":"(anonymous_3)","decl":{"start":{"line":22,"column":21},"end":{"line":22,"column":22}},"loc":{"start":{"line":23,"column":0},"end":{"line":24,"column":217}},"line":23},"4":{"name":"(anonymous_4)","decl":{"start":{"line":27,"column":35},"end":{"line":27,"column":36}},"loc":{"start":{"line":28,"column":0},"end":{"line":30,"column":150}},"line":28}},"branchMap":{"0":{"loc":{"start":{"line":7,"column":150},"end":{"line":7,"column":196}},"type":"cond-expr","locations":[{"start":{"line":7,"column":174},"end":{"line":7,"column":177}},{"start":{"line":7,"column":180},"end":{"line":7,"column":196}}],"line":7},"1":{"loc":{"start":{"line":7,"column":150},"end":{"line":7,"column":171}},"type":"binary-expr","locations":[{"start":{"line":7,"column":150},"end":{"line":7,"column":153}},{"start":{"line":7,"column":157},"end":{"line":7,"column":171}}],"line":7}},"s":{"0":0,"1":0,"2":0,"3":0,"4":0,"5":0,"6":0,"7":0,"8":0,"9":0,"10":0,"11":0,"12":0,"13":0,"14":0,"15":0,"16":0,"17":0,"18":0},"f":{"0":0,"1":0,"2":0,"3":0,"4":0},"b":{"0":[0,0],"1":[0,0]}},"/home/alan/dev/alan/simple-schema-material-form/src/components/TextInput/TextInput.jsx":{"path":"/home/alan/dev/alan/simple-schema-material-form/src/components/TextInput/TextInput.jsx","statementMap":{"0":{"start":{"line":1,"column":13},"end":{"line":1,"column":75}},"1":{"start":{"line":1,"column":94},"end":{"line":1,"column":182}},"2":{"start":{"line":1,"column":196},"end":{"line":1,"column":212}},"3":{"start":{"line":1,"column":227},"end":{"line":1,"column":257}},"4":{"start":{"line":2,"column":17},"end":{"line":2,"column":38}},"5":{"start":{"line":2,"column":57},"end":{"line":2,"column":91}},"6":{"start":{"line":3,"column":18},"end":{"line":3,"column":40}},"7":{"start":{"line":4,"column":17},"end":{"line":4,"column":37}},"8":{"start":{"line":4,"column":76},"end":{"line":4,"column":130}},"9":{"start":{"line":10,"column":18},"end":{"line":14,"column":11}},"10":{"start":{"line":11,"column":0},"end":{"line":14,"column":11}},"11":{"start":{"line":19,"column":16},"end":{"line":23,"column":32}},"12":{"start":{"line":22,"column":18},"end":{"line":23,"column":28}},"13":{"start":{"line":22,"column":24},"end":{"line":23,"column":27}},"14":{"start":{"line":28,"column":26},"end":{"line":28,"column":44}},"15":{"start":{"line":31,"column":0},"end":{"line":32,"column":21}},"16":{"start":{"line":35,"column":0},"end":{"line":36,"column":38}},"17":{"start":{"line":36,"column":38},"end":{"line":39,"column":18}}},"fnMap":{"0":{"name":"_interopRequireDefault","decl":{"start":{"line":4,"column":47},"end":{"line":4,"column":69}},"loc":{"start":{"line":4,"column":75},"end":{"line":4,"column":131}},"line":4},"1":{"name":"(anonymous_1)","decl":{"start":{"line":10,"column":18},"end":{"line":10,"column":19}},"loc":{"start":{"line":11,"column":0},"end":{"line":14,"column":11}},"line":11},"2":{"name":"(anonymous_2)","decl":{"start":{"line":22,"column":12},"end":{"line":22,"column":13}},"loc":{"start":{"line":22,"column":18},"end":{"line":23,"column":28}},"line":22},"3":{"name":"(anonymous_3)","decl":{"start":{"line":22,"column":18},"end":{"line":22,"column":19}},"loc":{"start":{"line":22,"column":24},"end":{"line":23,"column":27}},"line":22}},"branchMap":{"0":{"loc":{"start":{"line":4,"column":83},"end":{"line":4,"column":129}},"type":"cond-expr","locations":[{"start":{"line":4,"column":107},"end":{"line":4,"column":110}},{"start":{"line":4,"column":113},"end":{"line":4,"column":129}}],"line":4},"1":{"loc":{"start":{"line":4,"column":83},"end":{"line":4,"column":104}},"type":"binary-expr","locations":[{"start":{"line":4,"column":83},"end":{"line":4,"column":86}},{"start":{"line":4,"column":90},"end":{"line":4,"column":104}}],"line":4}},"s":{"0":0,"1":0,"2":0,"3":0,"4":0,"5":0,"6":0,"7":0,"8":0,"9":0,"10":0,"11":0,"12":0,"13":0,"14":0,"15":0,"16":0,"17":0},"f":{"0":0,"1":0,"2":0,"3":0},"b":{"0":[0,0],"1":[0,0]}},"/home/alan/dev/alan/simple-schema-material-form/src/index.js":{"path":"/home/alan/dev/alan/simple-schema-material-form/src/index.js","statementMap":{"0":{"start":{"line":1,"column":32},"end":{"line":1,"column":94}},"1":{"start":{"line":1,"column":108},"end":{"line":1,"column":124}},"2":{"start":{"line":1,"column":139},"end":{"line":1,"column":169}},"3":{"start":{"line":2,"column":16},"end":{"line":2,"column":36}},"4":{"start":{"line":2,"column":54},"end":{"line":2,"column":87}},"5":{"start":{"line":3,"column":13},"end":{"line":3,"column":37}},"6":{"start":{"line":3,"column":52},"end":{"line":3,"column":82}},"7":{"start":{"line":4,"column":29},"end":{"line":4,"column":63}},"8":{"start":{"line":4,"column":94},"end":{"line":4,"column":140}},"9":{"start":{"line":4,"column":179},"end":{"line":4,"column":233}},"10":{"start":{"line":7,"column":0},"end":{"line":7,"column":183}},"11":{"start":{"line":8,"column":0},"end":{"line":8,"column":39}}},"fnMap":{"0":{"name":"_interopRequireDefault","decl":{"start":{"line":4,"column":150},"end":{"line":4,"column":172}},"loc":{"start":{"line":4,"column":178},"end":{"line":4,"column":234}},"line":4}},"branchMap":{"0":{"loc":{"start":{"line":4,"column":186},"end":{"line":4,"column":232}},"type":"cond-expr","locations":[{"start":{"line":4,"column":210},"end":{"line":4,"column":213}},{"start":{"line":4,"column":216},"end":{"line":4,"column":232}}],"line":4},"1":{"loc":{"start":{"line":4,"column":186},"end":{"line":4,"column":207}},"type":"binary-expr","locations":[{"start":{"line":4,"column":186},"end":{"line":4,"column":189}},{"start":{"line":4,"column":193},"end":{"line":4,"column":207}}],"line":4}},"s":{"0":0,"1":0,"2":0,"3":0,"4":0,"5":0,"6":0,"7":0,"8":0,"9":0,"10":0,"11":0},"f":{"0":0},"b":{"0":[0,0],"1":[0,0]}}}}