{"numFailedTestSuites":0,"numFailedTests":0,"numPassedTestSuites":6,"numPassedTests":22,"numPendingTestSuites":0,"numPendingTests":0,"numRuntimeErrorTestSuites":0,"numTotalTestSuites":6,"numTotalTests":22,"snapshot":{"added":0,"didUpdate":false,"failure":false,"filesAdded":0,"filesRemoved":0,"filesUnmatched":0,"filesUpdated":0,"matched":6,"total":6,"unchecked":0,"unmatched":0,"updated":0},"startTime":1522899569007,"success":true,"testResults":[{"assertionResults":[{"failureMessages":[],"status":"passed","title":"renders without crashing"}],"endTime":1522899571326,"message":"","name":"/home/alan/dev/alan/simple-schema-material-form/src/pages/Index.test.jsx","startTime":1522899570008,"status":"passed","summary":""},{"assertionResults":[{"failureMessages":[],"status":"passed","title":"renders without crashing"},{"failureMessages":[],"status":"passed","title":"renders without crashing"},{"failureMessages":[],"status":"passed","title":"renders without crashing"},{"failureMessages":[],"status":"passed","title":"renders with a TextInput"}],"endTime":1522899571635,"message":"","name":"/home/alan/dev/alan/simple-schema-material-form/src/components/Form/Form.test.js","startTime":1522899570004,"status":"passed","summary":""},{"assertionResults":[{"failureMessages":[],"status":"passed","title":"renders without crashing"},{"failureMessages":[],"status":"passed","title":"renders without crashing"},{"failureMessages":[],"status":"passed","title":"renders without crashing"},{"failureMessages":[],"status":"passed","title":"Shallow with a TextInput"},{"failureMessages":[],"status":"passed","title":"Mount with a TextInput"}],"endTime":1522899571707,"message":"","name":"/home/alan/dev/alan/simple-schema-material-form/src/components/TextInput/TextInput.test.jsx","startTime":1522899569969,"status":"passed","summary":""},{"assertionResults":[{"failureMessages":[],"status":"passed","title":"renders without crashing"},{"failureMessages":[],"status":"passed","title":"shallow a TextInput"}],"endTime":1522899571802,"message":"","name":"/home/alan/dev/alan/simple-schema-material-form/src/components/SimpleForm/TextInput.test.jsx","startTime":1522899569927,"status":"passed","summary":""},{"assertionResults":[{"failureMessages":[],"status":"passed","title":"renders without crashing"},{"failureMessages":[],"status":"passed","title":"shallow a TextInput"},{"failureMessages":[],"status":"passed","title":"shallow a 2 TextInput"}],"endTime":1522899572023,"message":"","name":"/home/alan/dev/alan/simple-schema-material-form/src/components/SimpleForm/SimpleForm.test.js","startTime":1522899569990,"status":"passed","summary":""},{"assertionResults":[{"failureMessages":[],"status":"passed","title":"Abandoned Storyshots"},{"failureMessages":[],"status":"passed","title":"with TextInput"},{"failureMessages":[],"status":"passed","title":"with TextInput"},{"failureMessages":[],"status":"passed","title":"with 2 TextInput"},{"failureMessages":[],"status":"passed","title":"with Checkbox"},{"failureMessages":[],"status":"passed","title":"with Checkbox and Text Iput"},{"failureMessages":[],"status":"passed","title":"simple"}],"endTime":1522899573926,"message":"","name":"/home/alan/dev/alan/simple-schema-material-form/src/stories/storyshots.test.js","startTime":1522899569860,"status":"passed","summary":""}],"wasInterrupted":false}