<?xml version="1.0" encoding="UTF-8"?>
<coverage generated="1523056705576" clover="3.2.0">
  <project timestamp="1523056705576" name="All files">
    <metrics statements="140" coveredstatements="123" conditionals="36" coveredconditionals="21" methods="54" coveredmethods="46" elements="230" coveredelements="190" complexity="0" loc="140" ncloc="140" packages="8" files="21" classes="21">
      <package name="src">
        <metrics statements="10" coveredstatements="4" conditionals="4" coveredconditionals="0" methods="3" coveredmethods="2"/>
        <file name="index.js" path="/home/alan/dev/alan/simple-schema-material-form/src/index.js">
          <metrics statements="6" coveredstatements="0" conditionals="4" coveredconditionals="0" methods="1" coveredmethods="0"/>
          <line num="1" count="0" type="stmt"/>
          <line num="2" count="0" type="stmt"/>
          <line num="3" count="0" type="stmt"/>
          <line num="4" count="0" type="cond" truecount="0" falsecount="4"/>
          <line num="7" count="0" type="stmt"/>
          <line num="8" count="0" type="stmt"/>
        </file>
        <file name="setupTests.js" path="/home/alan/dev/alan/simple-schema-material-form/src/setupTests.js">
          <metrics statements="1" coveredstatements="1" conditionals="0" coveredconditionals="0" methods="0" coveredmethods="0"/>
          <line num="5" count="7" type="stmt"/>
        </file>
        <file name="withRoot.jsx" path="/home/alan/dev/alan/simple-schema-material-form/src/withRoot.jsx">
          <metrics statements="3" coveredstatements="3" conditionals="0" coveredconditionals="0" methods="2" coveredmethods="2"/>
          <line num="9" count="1" type="stmt"/>
          <line num="28" count="1" type="stmt"/>
          <line num="37" count="1" type="stmt"/>
        </file>
      </package>
      <package name="src.components">
        <metrics statements="3" coveredstatements="3" conditionals="0" coveredconditionals="0" methods="1" coveredmethods="1"/>
        <file name="SelectionControl.jsx" path="/home/alan/dev/alan/simple-schema-material-form/src/components/SelectionControl.jsx">
          <metrics statements="3" coveredstatements="3" conditionals="0" coveredconditionals="0" methods="1" coveredmethods="1"/>
          <line num="4" count="3" type="stmt"/>
          <line num="5" count="8" type="stmt"/>
          <line num="6" count="8" type="stmt"/>
        </file>
      </package>
      <package name="src.components.Checkbox">
        <metrics statements="10" coveredstatements="9" conditionals="1" coveredconditionals="1" methods="6" coveredmethods="5"/>
        <file name="Checkbox.jsx" path="/home/alan/dev/alan/simple-schema-material-form/src/components/Checkbox/Checkbox.jsx">
          <metrics statements="7" coveredstatements="7" conditionals="1" coveredconditionals="1" methods="4" coveredmethods="4"/>
          <line num="7" count="2" type="stmt"/>
          <line num="10" count="7" type="stmt"/>
          <line num="11" count="2" type="stmt"/>
          <line num="15" count="2" type="stmt"/>
          <line num="18" count="5" type="stmt"/>
          <line num="20" count="5" type="stmt"/>
          <line num="26" count="8" type="stmt"/>
        </file>
        <file name="Checkbox.stories.js" path="/home/alan/dev/alan/simple-schema-material-form/src/components/Checkbox/Checkbox.stories.js">
          <metrics statements="3" coveredstatements="2" conditionals="0" coveredconditionals="0" methods="2" coveredmethods="1"/>
          <line num="7" count="1" type="stmt"/>
          <line num="10" count="1" type="stmt"/>
          <line num="13" count="0" type="stmt"/>
        </file>
        <file name="index.js" path="/home/alan/dev/alan/simple-schema-material-form/src/components/Checkbox/index.js">
          <metrics statements="0" coveredstatements="0" conditionals="0" coveredconditionals="0" methods="0" coveredmethods="0"/>
        </file>
      </package>
      <package name="src.components.Form">
        <metrics statements="89" coveredstatements="81" conditionals="30" coveredconditionals="19" methods="29" coveredmethods="27"/>
        <file name="Form.jsx" path="/home/alan/dev/alan/simple-schema-material-form/src/components/Form/Form.jsx">
          <metrics statements="12" coveredstatements="12" conditionals="0" coveredconditionals="0" methods="4" coveredmethods="4"/>
          <line num="11" count="3" type="stmt"/>
          <line num="12" count="19" type="stmt"/>
          <line num="13" count="19" type="stmt"/>
          <line num="14" count="19" type="stmt"/>
          <line num="17" count="4" type="stmt"/>
          <line num="23" count="3" type="stmt"/>
          <line num="31" count="5" type="stmt"/>
          <line num="32" count="5" type="stmt"/>
          <line num="33" count="5" type="stmt"/>
          <line num="41" count="3" type="stmt"/>
          <line num="43" count="3" type="stmt"/>
          <line num="48" count="3" type="stmt"/>
        </file>
        <file name="Form.stories.js" path="/home/alan/dev/alan/simple-schema-material-form/src/components/Form/Form.stories.js">
          <metrics statements="14" coveredstatements="14" conditionals="0" coveredconditionals="0" methods="10" coveredmethods="9"/>
          <line num="15" count="6" type="stmt"/>
          <line num="17" count="1" type="stmt"/>
          <line num="18" count="6" type="stmt"/>
          <line num="27" count="1" type="stmt"/>
          <line num="34" count="1" type="stmt"/>
          <line num="37" count="1" type="stmt"/>
          <line num="48" count="1" type="stmt"/>
          <line num="53" count="1" type="stmt"/>
          <line num="60" count="1" type="stmt"/>
          <line num="63" count="1" type="stmt"/>
          <line num="68" count="1" type="stmt"/>
          <line num="74" count="1" type="stmt"/>
          <line num="77" count="1" type="stmt"/>
          <line num="82" count="1" type="stmt"/>
        </file>
        <file name="getChildProps.js" path="/home/alan/dev/alan/simple-schema-material-form/src/components/Form/getChildProps.js">
          <metrics statements="46" coveredstatements="39" conditionals="19" coveredconditionals="13" methods="10" coveredmethods="10"/>
          <line num="4" count="46" type="stmt"/>
          <line num="5" count="10" type="cond" truecount="2" falsecount="0"/>
          <line num="6" count="4" type="stmt"/>
          <line num="8" count="6" type="stmt"/>
          <line num="11" count="3" type="cond" truecount="1" falsecount="0"/>
          <line num="12" count="46" type="cond" truecount="1" falsecount="1"/>
          <line num="13" count="0" type="stmt"/>
          <line num="16" count="46" type="stmt"/>
          <line num="19" count="3" type="stmt"/>
          <line num="20" count="46" type="stmt"/>
          <line num="22" count="46" type="stmt"/>
          <line num="23" count="46" type="stmt"/>
          <line num="32" count="46" type="stmt"/>
          <line num="35" count="3" type="stmt"/>
          <line num="36" count="23" type="cond" truecount="3" falsecount="1"/>
          <line num="37" count="0" type="stmt"/>
          <line num="40" count="23" type="cond" truecount="2" falsecount="0"/>
          <line num="41" count="3" type="stmt"/>
          <line num="43" count="20" type="stmt"/>
          <line num="46" count="3" type="stmt"/>
          <line num="47" count="20" type="cond" truecount="1" falsecount="1"/>
          <line num="48" count="0" type="stmt"/>
          <line num="50" count="0" type="cond" truecount="0" falsecount="2"/>
          <line num="51" count="0" type="stmt"/>
          <line num="53" count="0" type="stmt"/>
          <line num="55" count="20" type="stmt"/>
          <line num="58" count="3" type="stmt"/>
          <line num="59" count="26" type="stmt"/>
          <line num="61" count="26" type="stmt"/>
          <line num="71" count="26" type="stmt"/>
          <line num="78" count="19" type="stmt"/>
          <line num="79" count="23" type="stmt"/>
          <line num="81" count="23" type="stmt"/>
          <line num="83" count="23" type="cond" truecount="2" falsecount="0"/>
          <line num="84" count="3" type="stmt"/>
          <line num="87" count="20" type="stmt"/>
          <line num="88" count="20" type="stmt"/>
          <line num="92" count="20" type="stmt"/>
          <line num="95" count="20" type="cond" truecount="1" falsecount="1"/>
          <line num="96" count="0" type="stmt"/>
          <line num="99" count="20" type="stmt"/>
          <line num="102" count="3" type="stmt"/>
          <line num="103" count="19" type="stmt"/>
          <line num="105" count="19" type="stmt"/>
          <line num="106" count="19" type="stmt"/>
          <line num="108" count="19" type="stmt"/>
        </file>
        <file name="index.js" path="/home/alan/dev/alan/simple-schema-material-form/src/components/Form/index.js">
          <metrics statements="1" coveredstatements="0" conditionals="4" coveredconditionals="0" methods="1" coveredmethods="0"/>
          <line num="1" count="0" type="cond" truecount="0" falsecount="4"/>
        </file>
        <file name="submitHandler.js" path="/home/alan/dev/alan/simple-schema-material-form/src/components/Form/submitHandler.js">
          <metrics statements="8" coveredstatements="8" conditionals="4" coveredconditionals="4" methods="3" coveredmethods="3"/>
          <line num="3" count="3" type="stmt"/>
          <line num="4" count="3" type="cond" truecount="1" falsecount="0"/>
          <line num="5" count="4" type="cond" truecount="1" falsecount="0"/>
          <line num="8" count="4" type="stmt"/>
          <line num="11" count="4" type="stmt"/>
          <line num="13" count="4" type="cond" truecount="2" falsecount="0"/>
          <line num="14" count="3" type="stmt"/>
          <line num="16" count="3" type="stmt"/>
        </file>
        <file name="validateForm.js" path="/home/alan/dev/alan/simple-schema-material-form/src/components/Form/validateForm.js">
          <metrics statements="8" coveredstatements="8" conditionals="3" coveredconditionals="2" methods="1" coveredmethods="1"/>
          <line num="1" count="3" type="cond" truecount="0" falsecount="1"/>
          <line num="2" count="4" type="cond" truecount="2" falsecount="0"/>
          <line num="3" count="2" type="stmt"/>
          <line num="6" count="2" type="stmt"/>
          <line num="7" count="2" type="stmt"/>
          <line num="9" count="2" type="stmt"/>
          <line num="10" count="2" type="stmt"/>
          <line num="11" count="2" type="stmt"/>
        </file>
      </package>
      <package name="src.components.Radio">
        <metrics statements="14" coveredstatements="13" conditionals="1" coveredconditionals="1" methods="7" coveredmethods="5"/>
        <file name="Radio.jsx" path="/home/alan/dev/alan/simple-schema-material-form/src/components/Radio/Radio.jsx">
          <metrics statements="11" coveredstatements="11" conditionals="1" coveredconditionals="1" methods="5" coveredmethods="4"/>
          <line num="9" count="2" type="stmt"/>
          <line num="12" count="5" type="stmt"/>
          <line num="14" count="5" type="stmt"/>
          <line num="26" count="8" type="stmt"/>
          <line num="38" count="2" type="stmt"/>
          <line num="41" count="2" type="stmt"/>
          <line num="46" count="5" type="stmt"/>
          <line num="49" count="1" type="stmt"/>
          <line num="54" count="2" type="stmt"/>
          <line num="56" count="2" type="stmt"/>
          <line num="60" count="2" type="stmt"/>
        </file>
        <file name="Radio.stories.js" path="/home/alan/dev/alan/simple-schema-material-form/src/components/Radio/Radio.stories.js">
          <metrics statements="3" coveredstatements="2" conditionals="0" coveredconditionals="0" methods="2" coveredmethods="1"/>
          <line num="7" count="1" type="stmt"/>
          <line num="10" count="1" type="stmt"/>
          <line num="13" count="0" type="stmt"/>
        </file>
        <file name="index.js" path="/home/alan/dev/alan/simple-schema-material-form/src/components/Radio/index.js">
          <metrics statements="0" coveredstatements="0" conditionals="0" coveredconditionals="0" methods="0" coveredmethods="0"/>
        </file>
      </package>
      <package name="src.components.TextInput">
        <metrics statements="12" coveredstatements="11" conditionals="0" coveredconditionals="0" methods="6" coveredmethods="4"/>
        <file name="TextInput.jsx" path="/home/alan/dev/alan/simple-schema-material-form/src/components/TextInput/TextInput.jsx">
          <metrics statements="8" coveredstatements="8" conditionals="0" coveredconditionals="0" methods="3" coveredmethods="3"/>
          <line num="7" count="4" type="stmt"/>
          <line num="8" count="22" type="stmt"/>
          <line num="11" count="4" type="stmt"/>
          <line num="16" count="22" type="stmt"/>
          <line num="19" count="6" type="stmt"/>
          <line num="24" count="4" type="stmt"/>
          <line num="26" count="4" type="stmt"/>
          <line num="30" count="4" type="stmt"/>
        </file>
        <file name="TextInput.stories.js" path="/home/alan/dev/alan/simple-schema-material-form/src/components/TextInput/TextInput.stories.js">
          <metrics statements="3" coveredstatements="2" conditionals="0" coveredconditionals="0" methods="2" coveredmethods="1"/>
          <line num="7" count="1" type="stmt"/>
          <line num="10" count="1" type="stmt"/>
          <line num="12" count="0" type="stmt"/>
        </file>
        <file name="index.js" path="/home/alan/dev/alan/simple-schema-material-form/src/components/TextInput/index.js">
          <metrics statements="1" coveredstatements="1" conditionals="0" coveredconditionals="0" methods="1" coveredmethods="0"/>
          <line num="5" count="4" type="stmt"/>
        </file>
      </package>
      <package name="src.pages">
        <metrics statements="2" coveredstatements="2" conditionals="0" coveredconditionals="0" methods="2" coveredmethods="2"/>
        <file name="Index.jsx" path="/home/alan/dev/alan/simple-schema-material-form/src/pages/Index.jsx">
          <metrics statements="2" coveredstatements="2" conditionals="0" coveredconditionals="0" methods="2" coveredmethods="2"/>
          <line num="7" count="1" type="stmt"/>
          <line num="15" count="1" type="stmt"/>
        </file>
      </package>
      <package name="src.stories">
        <metrics statements="0" coveredstatements="0" conditionals="0" coveredconditionals="0" methods="0" coveredmethods="0"/>
        <file name="withTests.js" path="/home/alan/dev/alan/simple-schema-material-form/src/stories/withTests.js">
          <metrics statements="0" coveredstatements="0" conditionals="0" coveredconditionals="0" methods="0" coveredmethods="0"/>
        </file>
      </package>
    </metrics>
  </project>
</coverage>
