{"/home/alan/dev/alan/simple-schema-material-form/src/index.js": {"path":"/home/alan/dev/alan/simple-schema-material-form/src/index.js","statementMap":{"0":{"start":{"line":1,"column":32},"end":{"line":1,"column":94}},"1":{"start":{"line":1,"column":108},"end":{"line":1,"column":124}},"2":{"start":{"line":1,"column":139},"end":{"line":1,"column":169}},"3":{"start":{"line":2,"column":16},"end":{"line":2,"column":36}},"4":{"start":{"line":2,"column":54},"end":{"line":2,"column":87}},"5":{"start":{"line":3,"column":13},"end":{"line":3,"column":37}},"6":{"start":{"line":3,"column":52},"end":{"line":3,"column":82}},"7":{"start":{"line":4,"column":29},"end":{"line":4,"column":63}},"8":{"start":{"line":4,"column":94},"end":{"line":4,"column":140}},"9":{"start":{"line":4,"column":179},"end":{"line":4,"column":233}},"10":{"start":{"line":7,"column":0},"end":{"line":7,"column":183}},"11":{"start":{"line":8,"column":0},"end":{"line":8,"column":39}}},"fnMap":{"0":{"name":"_interopRequireDefault","decl":{"start":{"line":4,"column":150},"end":{"line":4,"column":172}},"loc":{"start":{"line":4,"column":178},"end":{"line":4,"column":234}},"line":4}},"branchMap":{"0":{"loc":{"start":{"line":4,"column":186},"end":{"line":4,"column":232}},"type":"cond-expr","locations":[{"start":{"line":4,"column":210},"end":{"line":4,"column":213}},{"start":{"line":4,"column":216},"end":{"line":4,"column":232}}],"line":4},"1":{"loc":{"start":{"line":4,"column":186},"end":{"line":4,"column":207}},"type":"binary-expr","locations":[{"start":{"line":4,"column":186},"end":{"line":4,"column":189}},{"start":{"line":4,"column":193},"end":{"line":4,"column":207}}],"line":4}},"s":{"0":0,"1":0,"2":0,"3":0,"4":0,"5":0,"6":0,"7":0,"8":0,"9":0,"10":0,"11":0},"f":{"0":0},"b":{"0":[0,0],"1":[0,0]}}
,"/home/alan/dev/alan/simple-schema-material-form/src/setupTests.js": {"path":"/home/alan/dev/alan/simple-schema-material-form/src/setupTests.js","statementMap":{"0":{"start":{"line":5,"column":0},"end":{"line":5,"column":45}}},"fnMap":{},"branchMap":{},"s":{"0":7},"f":{},"b":{},"_coverageSchema":"332fd63041d2c1bcb487cc26dd0d5f7d97098a6c","hash":"0c7ae3ab0e050d0e362b93190e13f72c4eff495c"}
,"/home/alan/dev/alan/simple-schema-material-form/src/withRoot.jsx": {"path":"/home/alan/dev/alan/simple-schema-material-form/src/withRoot.jsx","statementMap":{"0":{"start":{"line":9,"column":14},"end":{"line":22,"column":2}},"1":{"start":{"line":28,"column":4},"end":{"line":34,"column":6}},"2":{"start":{"line":37,"column":2},"end":{"line":37,"column":18}}},"fnMap":{"0":{"name":"withRoot","decl":{"start":{"line":24,"column":9},"end":{"line":24,"column":17}},"loc":{"start":{"line":24,"column":29},"end":{"line":38,"column":1}},"line":24},"1":{"name":"WithRoot","decl":{"start":{"line":25,"column":11},"end":{"line":25,"column":19}},"loc":{"start":{"line":25,"column":27},"end":{"line":35,"column":3}},"line":25}},"branchMap":{},"s":{"0":1,"1":1,"2":1},"f":{"0":1,"1":1},"b":{},"_coverageSchema":"332fd63041d2c1bcb487cc26dd0d5f7d97098a6c","hash":"80108b2560140f2df51ea6efc988c0bba4379cad"}
,"/home/alan/dev/alan/simple-schema-material-form/src/components/SelectionControl.jsx": {"path":"/home/alan/dev/alan/simple-schema-material-form/src/components/SelectionControl.jsx","statementMap":{"0":{"start":{"line":4,"column":25},"end":{"line":12,"column":1}},"1":{"start":{"line":5,"column":30},"end":{"line":5,"column":35}},"2":{"start":{"line":6,"column":2},"end":{"line":11,"column":4}}},"fnMap":{"0":{"name":"(anonymous_0)","decl":{"start":{"line":4,"column":25},"end":{"line":4,"column":26}},"loc":{"start":{"line":4,"column":34},"end":{"line":12,"column":1}},"line":4}},"branchMap":{},"s":{"0":3,"1":8,"2":8},"f":{"0":8},"b":{},"_coverageSchema":"332fd63041d2c1bcb487cc26dd0d5f7d97098a6c","hash":"f5a80d0a9776420860e6ed1b4427786b0a399795"}
,"/home/alan/dev/alan/simple-schema-material-form/src/components/Checkbox/Checkbox.jsx": {"path":"/home/alan/dev/alan/simple-schema-material-form/src/components/Checkbox/Checkbox.jsx","statementMap":{"0":{"start":{"line":7,"column":16},"end":{"line":13,"column":1}},"1":{"start":{"line":10,"column":2},"end":{"line":12,"column":6}},"2":{"start":{"line":11,"column":31},"end":{"line":11,"column":103}},"3":{"start":{"line":15,"column":17},"end":{"line":38,"column":1}},"4":{"start":{"line":18,"column":6},"end":{"line":18,"column":11}},"5":{"start":{"line":20,"column":2},"end":{"line":37,"column":4}},"6":{"start":{"line":26,"column":11},"end":{"line":33,"column":12}}},"fnMap":{"0":{"name":"(anonymous_0)","decl":{"start":{"line":7,"column":16},"end":{"line":7,"column":17}},"loc":{"start":{"line":9,"column":6},"end":{"line":13,"column":1}},"line":9},"1":{"name":"(anonymous_1)","decl":{"start":{"line":11,"column":14},"end":{"line":11,"column":15}},"loc":{"start":{"line":11,"column":31},"end":{"line":11,"column":103}},"line":11},"2":{"name":"(anonymous_2)","decl":{"start":{"line":15,"column":17},"end":{"line":15,"column":18}},"loc":{"start":{"line":15,"column":26},"end":{"line":38,"column":1}},"line":15},"3":{"name":"(anonymous_3)","decl":{"start":{"line":25,"column":27},"end":{"line":25,"column":28}},"loc":{"start":{"line":26,"column":11},"end":{"line":33,"column":12}},"line":26}},"branchMap":{"0":{"loc":{"start":{"line":17,"column":19},"end":{"line":17,"column":37}},"type":"default-arg","locations":[{"start":{"line":17,"column":35},"end":{"line":17,"column":37}}],"line":17}},"s":{"0":2,"1":7,"2":2,"3":2,"4":5,"5":5,"6":8},"f":{"0":7,"1":2,"2":5,"3":8},"b":{"0":[1]},"_coverageSchema":"332fd63041d2c1bcb487cc26dd0d5f7d97098a6c","hash":"623831e0d82a83ed85f6042e7a48b7d4565dc4be"}
,"/home/alan/dev/alan/simple-schema-material-form/src/components/Checkbox/Checkbox.stories.js": {"path":"/home/alan/dev/alan/simple-schema-material-form/src/components/Checkbox/Checkbox.stories.js","statementMap":{"0":{"start":{"line":7,"column":0},"end":{"line":16,"column":6}},"1":{"start":{"line":10,"column":4},"end":{"line":15,"column":6}},"2":{"start":{"line":13,"column":19},"end":{"line":13,"column":40}}},"fnMap":{"0":{"name":"(anonymous_0)","decl":{"start":{"line":9,"column":40},"end":{"line":9,"column":41}},"loc":{"start":{"line":10,"column":4},"end":{"line":15,"column":6}},"line":10},"1":{"name":"(anonymous_1)","decl":{"start":{"line":13,"column":14},"end":{"line":13,"column":15}},"loc":{"start":{"line":13,"column":19},"end":{"line":13,"column":40}},"line":13}},"branchMap":{},"s":{"0":1,"1":1,"2":0},"f":{"0":1,"1":0},"b":{},"_coverageSchema":"332fd63041d2c1bcb487cc26dd0d5f7d97098a6c","hash":"f638678254d6a2c1d4250fdbe575aa22b72c030d"}
,"/home/alan/dev/alan/simple-schema-material-form/src/components/Checkbox/index.js": {"path":"/home/alan/dev/alan/simple-schema-material-form/src/components/Checkbox/index.js","statementMap":{},"fnMap":{},"branchMap":{},"s":{},"f":{},"b":{},"_coverageSchema":"332fd63041d2c1bcb487cc26dd0d5f7d97098a6c","hash":"34936752e3c7b91d3617e33daeb4f0edced46e83"}
,"/home/alan/dev/alan/simple-schema-material-form/src/components/Form/Form.jsx": {"path":"/home/alan/dev/alan/simple-schema-material-form/src/components/Form/Form.jsx","statementMap":{"0":{"start":{"line":11,"column":19},"end":{"line":20,"column":1}},"1":{"start":{"line":12,"column":34},"end":{"line":12,"column":39}},"2":{"start":{"line":13,"column":24},"end":{"line":13,"column":80}},"3":{"start":{"line":14,"column":2},"end":{"line":19,"column":4}},"4":{"start":{"line":17,"column":29},"end":{"line":17,"column":48}},"5":{"start":{"line":23,"column":16},"end":{"line":39,"column":1}},"6":{"start":{"line":31,"column":27},"end":{"line":36,"column":7}},"7":{"start":{"line":32,"column":23},"end":{"line":32,"column":40}},"8":{"start":{"line":33,"column":8},"end":{"line":35,"column":10}},"9":{"start":{"line":41,"column":27},"end":{"line":41,"column":46}},"10":{"start":{"line":43,"column":0},"end":{"line":46,"column":2}},"11":{"start":{"line":48,"column":0},"end":{"line":56,"column":2}}},"fnMap":{"0":{"name":"(anonymous_0)","decl":{"start":{"line":11,"column":19},"end":{"line":11,"column":20}},"loc":{"start":{"line":11,"column":30},"end":{"line":20,"column":1}},"line":11},"1":{"name":"(anonymous_1)","decl":{"start":{"line":17,"column":23},"end":{"line":17,"column":24}},"loc":{"start":{"line":17,"column":29},"end":{"line":17,"column":48}},"line":17},"2":{"name":"(anonymous_2)","decl":{"start":{"line":31,"column":14},"end":{"line":31,"column":15}},"loc":{"start":{"line":31,"column":27},"end":{"line":36,"column":7}},"line":31},"3":{"name":"(anonymous_3)","decl":{"start":{"line":31,"column":27},"end":{"line":31,"column":28}},"loc":{"start":{"line":31,"column":36},"end":{"line":36,"column":7}},"line":31}},"branchMap":{},"s":{"0":3,"1":19,"2":19,"3":19,"4":4,"5":3,"6":5,"7":5,"8":5,"9":3,"10":3,"11":3},"f":{"0":19,"1":4,"2":5,"3":5},"b":{},"_coverageSchema":"332fd63041d2c1bcb487cc26dd0d5f7d97098a6c","hash":"94b3dca56185877035002a3562edeb4c1d71c7b5"}
,"/home/alan/dev/alan/simple-schema-material-form/src/components/Form/Form.stories.js": {"path":"/home/alan/dev/alan/simple-schema-material-form/src/components/Form/Form.stories.js","statementMap":{"0":{"start":{"line":15,"column":15},"end":{"line":15,"column":78}},"1":{"start":{"line":15,"column":24},"end":{"line":15,"column":78}},"2":{"start":{"line":15,"column":31},"end":{"line":15,"column":78}},"3":{"start":{"line":17,"column":13},"end":{"line":25,"column":1}},"4":{"start":{"line":18,"column":2},"end":{"line":24,"column":15}},"5":{"start":{"line":27,"column":22},"end":{"line":32,"column":2}},"6":{"start":{"line":34,"column":0},"end":{"line":57,"column":6}},"7":{"start":{"line":37,"column":4},"end":{"line":45,"column":10}},"8":{"start":{"line":48,"column":4},"end":{"line":50,"column":11}},"9":{"start":{"line":53,"column":4},"end":{"line":56,"column":11}},"10":{"start":{"line":60,"column":0},"end":{"line":72,"column":6}},"11":{"start":{"line":63,"column":4},"end":{"line":65,"column":11}},"12":{"start":{"line":68,"column":4},"end":{"line":71,"column":11}},"13":{"start":{"line":74,"column":0},"end":{"line":86,"column":6}},"14":{"start":{"line":77,"column":4},"end":{"line":79,"column":11}},"15":{"start":{"line":82,"column":4},"end":{"line":85,"column":11}}},"fnMap":{"0":{"name":"(anonymous_0)","decl":{"start":{"line":15,"column":15},"end":{"line":15,"column":16}},"loc":{"start":{"line":15,"column":24},"end":{"line":15,"column":78}},"line":15},"1":{"name":"(anonymous_1)","decl":{"start":{"line":15,"column":24},"end":{"line":15,"column":25}},"loc":{"start":{"line":15,"column":31},"end":{"line":15,"column":78}},"line":15},"2":{"name":"(anonymous_2)","decl":{"start":{"line":17,"column":13},"end":{"line":17,"column":14}},"loc":{"start":{"line":18,"column":2},"end":{"line":24,"column":15}},"line":18},"3":{"name":"(anonymous_3)","decl":{"start":{"line":36,"column":42},"end":{"line":36,"column":43}},"loc":{"start":{"line":37,"column":4},"end":{"line":45,"column":10}},"line":37},"4":{"name":"(anonymous_4)","decl":{"start":{"line":47,"column":48},"end":{"line":47,"column":49}},"loc":{"start":{"line":48,"column":4},"end":{"line":50,"column":11}},"line":48},"5":{"name":"(anonymous_5)","decl":{"start":{"line":52,"column":50},"end":{"line":52,"column":51}},"loc":{"start":{"line":53,"column":4},"end":{"line":56,"column":11}},"line":53},"6":{"name":"(anonymous_6)","decl":{"start":{"line":62,"column":47},"end":{"line":62,"column":48}},"loc":{"start":{"line":63,"column":4},"end":{"line":65,"column":11}},"line":63},"7":{"name":"(anonymous_7)","decl":{"start":{"line":67,"column":61},"end":{"line":67,"column":62}},"loc":{"start":{"line":68,"column":4},"end":{"line":71,"column":11}},"line":68},"8":{"name":"(anonymous_8)","decl":{"start":{"line":76,"column":44},"end":{"line":76,"column":45}},"loc":{"start":{"line":77,"column":4},"end":{"line":79,"column":11}},"line":77},"9":{"name":"(anonymous_9)","decl":{"start":{"line":81,"column":61},"end":{"line":81,"column":62}},"loc":{"start":{"line":82,"column":4},"end":{"line":85,"column":11}},"line":82}},"branchMap":{},"s":{"0":1,"1":6,"2":0,"3":1,"4":6,"5":1,"6":1,"7":1,"8":1,"9":1,"10":1,"11":1,"12":1,"13":1,"14":1,"15":1},"f":{"0":6,"1":0,"2":6,"3":1,"4":1,"5":1,"6":1,"7":1,"8":1,"9":1},"b":{},"_coverageSchema":"332fd63041d2c1bcb487cc26dd0d5f7d97098a6c","hash":"17e81a5d1b95d43300c597c99be749181514df2b"}
,"/home/alan/dev/alan/simple-schema-material-form/src/components/Form/getChildProps.js": {"path":"/home/alan/dev/alan/simple-schema-material-form/src/components/Form/getChildProps.js","statementMap":{"0":{"start":{"line":4,"column":22},"end":{"line":9,"column":1}},"1":{"start":{"line":4,"column":35},"end":{"line":9,"column":1}},"2":{"start":{"line":5,"column":2},"end":{"line":7,"column":3}},"3":{"start":{"line":6,"column":4},"end":{"line":6,"column":17}},"4":{"start":{"line":8,"column":2},"end":{"line":8,"column":14}},"5":{"start":{"line":11,"column":17},"end":{"line":17,"column":1}},"6":{"start":{"line":12,"column":2},"end":{"line":14,"column":3}},"7":{"start":{"line":13,"column":4},"end":{"line":13,"column":17}},"8":{"start":{"line":16,"column":2},"end":{"line":16,"column":60}},"9":{"start":{"line":19,"column":26},"end":{"line":33,"column":2}},"10":{"start":{"line":20,"column":34},"end":{"line":20,"column":39}},"11":{"start":{"line":22,"column":16},"end":{"line":22,"column":44}},"12":{"start":{"line":23,"column":21},"end":{"line":30,"column":3}},"13":{"start":{"line":32,"column":2},"end":{"line":32,"column":20}},"14":{"start":{"line":35,"column":28},"end":{"line":44,"column":2}},"15":{"start":{"line":36,"column":2},"end":{"line":38,"column":3}},"16":{"start":{"line":37,"column":4},"end":{"line":37,"column":17}},"17":{"start":{"line":40,"column":2},"end":{"line":42,"column":3}},"18":{"start":{"line":41,"column":4},"end":{"line":41,"column":60}},"19":{"start":{"line":43,"column":2},"end":{"line":43,"column":15}},"20":{"start":{"line":46,"column":21},"end":{"line":56,"column":1}},"21":{"start":{"line":47,"column":2},"end":{"line":54,"column":3}},"22":{"start":{"line":48,"column":25},"end":{"line":48,"column":47}},"23":{"start":{"line":50,"column":4},"end":{"line":52,"column":5}},"24":{"start":{"line":51,"column":6},"end":{"line":51,"column":19}},"25":{"start":{"line":53,"column":4},"end":{"line":53,"column":32}},"26":{"start":{"line":55,"column":2},"end":{"line":55,"column":15}},"27":{"start":{"line":58,"column":22},"end":{"line":76,"column":2}},"28":{"start":{"line":59,"column":24},"end":{"line":59,"column":35}},"29":{"start":{"line":61,"column":21},"end":{"line":64,"column":3}},"30":{"start":{"line":71,"column":2},"end":{"line":75,"column":4}},"31":{"start":{"line":78,"column":20},"end":{"line":100,"column":1}},"32":{"start":{"line":78,"column":29},"end":{"line":100,"column":1}},"33":{"start":{"line":79,"column":49},"end":{"line":79,"column":54}},"34":{"start":{"line":81,"column":30},"end":{"line":81,"column":49}},"35":{"start":{"line":83,"column":2},"end":{"line":85,"column":3}},"36":{"start":{"line":84,"column":4},"end":{"line":84,"column":31}},"37":{"start":{"line":87,"column":24},"end":{"line":87,"column":35}},"38":{"start":{"line":88,"column":21},"end":{"line":91,"column":3}},"39":{"start":{"line":92,"column":26},"end":{"line":92,"column":65}},"40":{"start":{"line":95,"column":2},"end":{"line":97,"column":3}},"41":{"start":{"line":96,"column":4},"end":{"line":96,"column":27}},"42":{"start":{"line":99,"column":2},"end":{"line":99,"column":23}},"43":{"start":{"line":102,"column":25},"end":{"line":113,"column":1}},"44":{"start":{"line":103,"column":23},"end":{"line":103,"column":47}},"45":{"start":{"line":105,"column":17},"end":{"line":105,"column":44}},"46":{"start":{"line":106,"column":23},"end":{"line":106,"column":50}},"47":{"start":{"line":108,"column":2},"end":{"line":112,"column":4}}},"fnMap":{"0":{"name":"(anonymous_0)","decl":{"start":{"line":4,"column":22},"end":{"line":4,"column":23}},"loc":{"start":{"line":4,"column":35},"end":{"line":9,"column":1}},"line":4},"1":{"name":"(anonymous_1)","decl":{"start":{"line":4,"column":35},"end":{"line":4,"column":36}},"loc":{"start":{"line":4,"column":44},"end":{"line":9,"column":1}},"line":4},"2":{"name":"(anonymous_2)","decl":{"start":{"line":11,"column":17},"end":{"line":11,"column":18}},"loc":{"start":{"line":11,"column":45},"end":{"line":17,"column":1}},"line":11},"3":{"name":"(anonymous_3)","decl":{"start":{"line":19,"column":32},"end":{"line":19,"column":33}},"loc":{"start":{"line":19,"column":54},"end":{"line":33,"column":1}},"line":19},"4":{"name":"(anonymous_4)","decl":{"start":{"line":35,"column":34},"end":{"line":35,"column":35}},"loc":{"start":{"line":35,"column":53},"end":{"line":44,"column":1}},"line":35},"5":{"name":"(anonymous_5)","decl":{"start":{"line":46,"column":21},"end":{"line":46,"column":22}},"loc":{"start":{"line":46,"column":52},"end":{"line":56,"column":1}},"line":46},"6":{"name":"(anonymous_6)","decl":{"start":{"line":58,"column":28},"end":{"line":58,"column":29}},"loc":{"start":{"line":58,"column":53},"end":{"line":76,"column":1}},"line":58},"7":{"name":"(anonymous_7)","decl":{"start":{"line":78,"column":20},"end":{"line":78,"column":21}},"loc":{"start":{"line":78,"column":29},"end":{"line":100,"column":1}},"line":78},"8":{"name":"(anonymous_8)","decl":{"start":{"line":78,"column":29},"end":{"line":78,"column":30}},"loc":{"start":{"line":78,"column":38},"end":{"line":100,"column":1}},"line":78},"9":{"name":"(anonymous_9)","decl":{"start":{"line":102,"column":25},"end":{"line":102,"column":26}},"loc":{"start":{"line":102,"column":34},"end":{"line":113,"column":1}},"line":102}},"branchMap":{"0":{"loc":{"start":{"line":5,"column":2},"end":{"line":7,"column":3}},"type":"if","locations":[{"start":{"line":5,"column":2},"end":{"line":7,"column":3}},{"start":{"line":5,"column":2},"end":{"line":7,"column":3}}],"line":5},"1":{"loc":{"start":{"line":11,"column":18},"end":{"line":11,"column":29}},"type":"default-arg","locations":[{"start":{"line":11,"column":27},"end":{"line":11,"column":29}}],"line":11},"2":{"loc":{"start":{"line":12,"column":2},"end":{"line":14,"column":3}},"type":"if","locations":[{"start":{"line":12,"column":2},"end":{"line":14,"column":3}},{"start":{"line":12,"column":2},"end":{"line":14,"column":3}}],"line":12},"3":{"loc":{"start":{"line":36,"column":2},"end":{"line":38,"column":3}},"type":"if","locations":[{"start":{"line":36,"column":2},"end":{"line":38,"column":3}},{"start":{"line":36,"column":2},"end":{"line":38,"column":3}}],"line":36},"4":{"loc":{"start":{"line":36,"column":6},"end":{"line":36,"column":34}},"type":"binary-expr","locations":[{"start":{"line":36,"column":6},"end":{"line":36,"column":12}},{"start":{"line":36,"column":16},"end":{"line":36,"column":34}}],"line":36},"5":{"loc":{"start":{"line":40,"column":2},"end":{"line":42,"column":3}},"type":"if","locations":[{"start":{"line":40,"column":2},"end":{"line":42,"column":3}},{"start":{"line":40,"column":2},"end":{"line":42,"column":3}}],"line":40},"6":{"loc":{"start":{"line":47,"column":2},"end":{"line":54,"column":3}},"type":"if","locations":[{"start":{"line":47,"column":2},"end":{"line":54,"column":3}},{"start":{"line":47,"column":2},"end":{"line":54,"column":3}}],"line":47},"7":{"loc":{"start":{"line":50,"column":4},"end":{"line":52,"column":5}},"type":"if","locations":[{"start":{"line":50,"column":4},"end":{"line":52,"column":5}},{"start":{"line":50,"column":4},"end":{"line":52,"column":5}}],"line":50},"8":{"loc":{"start":{"line":83,"column":2},"end":{"line":85,"column":3}},"type":"if","locations":[{"start":{"line":83,"column":2},"end":{"line":85,"column":3}},{"start":{"line":83,"column":2},"end":{"line":85,"column":3}}],"line":83},"9":{"loc":{"start":{"line":95,"column":2},"end":{"line":97,"column":3}},"type":"if","locations":[{"start":{"line":95,"column":2},"end":{"line":97,"column":3}},{"start":{"line":95,"column":2},"end":{"line":97,"column":3}}],"line":95}},"s":{"0":3,"1":46,"2":10,"3":4,"4":6,"5":3,"6":46,"7":0,"8":46,"9":3,"10":46,"11":46,"12":46,"13":46,"14":3,"15":23,"16":0,"17":23,"18":3,"19":20,"20":3,"21":20,"22":0,"23":0,"24":0,"25":0,"26":20,"27":3,"28":26,"29":26,"30":26,"31":3,"32":19,"33":23,"34":23,"35":23,"36":3,"37":20,"38":20,"39":20,"40":20,"41":0,"42":20,"43":3,"44":19,"45":19,"46":19,"47":19},"f":{"0":46,"1":10,"2":46,"3":46,"4":23,"5":20,"6":26,"7":19,"8":23,"9":19},"b":{"0":[4,6],"1":[18],"2":[0,46],"3":[0,23],"4":[23,23],"5":[3,20],"6":[0,20],"7":[0,0],"8":[3,20],"9":[0,20]},"_coverageSchema":"332fd63041d2c1bcb487cc26dd0d5f7d97098a6c","hash":"9b5739927aaf65541a892c611b756d636beb4f4d"}
,"/home/alan/dev/alan/simple-schema-material-form/src/components/Form/index.js": {"path":"/home/alan/dev/alan/simple-schema-material-form/src/components/Form/index.js","statementMap":{"0":{"start":{"line":1,"column":13},"end":{"line":1,"column":75}},"1":{"start":{"line":1,"column":87},"end":{"line":1,"column":104}},"2":{"start":{"line":1,"column":118},"end":{"line":1,"column":147}},"3":{"start":{"line":1,"column":186},"end":{"line":1,"column":240}},"4":{"start":{"line":1,"column":241},"end":{"line":1,"column":274}}},"fnMap":{"0":{"name":"_interopRequireDefault","decl":{"start":{"line":1,"column":157},"end":{"line":1,"column":179}},"loc":{"start":{"line":1,"column":185},"end":{"line":1,"column":241}},"line":1}},"branchMap":{"0":{"loc":{"start":{"line":1,"column":193},"end":{"line":1,"column":239}},"type":"cond-expr","locations":[{"start":{"line":1,"column":217},"end":{"line":1,"column":220}},{"start":{"line":1,"column":223},"end":{"line":1,"column":239}}],"line":1},"1":{"loc":{"start":{"line":1,"column":193},"end":{"line":1,"column":214}},"type":"binary-expr","locations":[{"start":{"line":1,"column":193},"end":{"line":1,"column":196}},{"start":{"line":1,"column":200},"end":{"line":1,"column":214}}],"line":1}},"s":{"0":0,"1":0,"2":0,"3":0,"4":0},"f":{"0":0},"b":{"0":[0,0],"1":[0,0]}}
,"/home/alan/dev/alan/simple-schema-material-form/src/components/Form/submitHandler.js": {"path":"/home/alan/dev/alan/simple-schema-material-form/src/components/Form/submitHandler.js","statementMap":{"0":{"start":{"line":3,"column":21},"end":{"line":18,"column":1}},"1":{"start":{"line":4,"column":26},"end":{"line":4,"column":29}},"2":{"start":{"line":5,"column":30},"end":{"line":5,"column":33}},"3":{"start":{"line":8,"column":21},"end":{"line":8,"column":59}},"4":{"start":{"line":11,"column":6},"end":{"line":11,"column":11}},"5":{"start":{"line":13,"column":2},"end":{"line":17,"column":3}},"6":{"start":{"line":14,"column":22},"end":{"line":14,"column":47}},"7":{"start":{"line":16,"column":4},"end":{"line":16,"column":24}}},"fnMap":{"0":{"name":"(anonymous_0)","decl":{"start":{"line":3,"column":21},"end":{"line":3,"column":22}},"loc":{"start":{"line":7,"column":6},"end":{"line":18,"column":1}},"line":7},"1":{"name":"(anonymous_1)","decl":{"start":{"line":4,"column":19},"end":{"line":4,"column":20}},"loc":{"start":{"line":4,"column":26},"end":{"line":4,"column":29}},"line":4},"2":{"name":"(anonymous_2)","decl":{"start":{"line":5,"column":23},"end":{"line":5,"column":24}},"loc":{"start":{"line":5,"column":30},"end":{"line":5,"column":33}},"line":5}},"branchMap":{"0":{"loc":{"start":{"line":4,"column":2},"end":{"line":4,"column":29}},"type":"default-arg","locations":[{"start":{"line":4,"column":19},"end":{"line":4,"column":29}}],"line":4},"1":{"loc":{"start":{"line":5,"column":2},"end":{"line":5,"column":33}},"type":"default-arg","locations":[{"start":{"line":5,"column":23},"end":{"line":5,"column":33}}],"line":5},"2":{"loc":{"start":{"line":13,"column":2},"end":{"line":17,"column":3}},"type":"if","locations":[{"start":{"line":13,"column":2},"end":{"line":17,"column":3}},{"start":{"line":13,"column":2},"end":{"line":17,"column":3}}],"line":13}},"s":{"0":3,"1":3,"2":4,"3":4,"4":4,"5":4,"6":3,"7":3},"f":{"0":4,"1":3,"2":4},"b":{"0":[4],"1":[4],"2":[3,1]},"_coverageSchema":"332fd63041d2c1bcb487cc26dd0d5f7d97098a6c","hash":"66b476927f08383327b4cb939804479fc182c530"}
,"/home/alan/dev/alan/simple-schema-material-form/src/components/Form/validateForm.js": {"path":"/home/alan/dev/alan/simple-schema-material-form/src/components/Form/validateForm.js","statementMap":{"0":{"start":{"line":1,"column":20},"end":{"line":12,"column":1}},"1":{"start":{"line":2,"column":2},"end":{"line":4,"column":3}},"2":{"start":{"line":3,"column":4},"end":{"line":3,"column":16}},"3":{"start":{"line":6,"column":28},"end":{"line":6,"column":47}},"4":{"start":{"line":7,"column":21},"end":{"line":7,"column":52}},"5":{"start":{"line":9,"column":20},"end":{"line":9,"column":56}},"6":{"start":{"line":10,"column":2},"end":{"line":10,"column":51}},"7":{"start":{"line":11,"column":2},"end":{"line":11,"column":20}}},"fnMap":{"0":{"name":"(anonymous_0)","decl":{"start":{"line":1,"column":20},"end":{"line":1,"column":21}},"loc":{"start":{"line":1,"column":57},"end":{"line":12,"column":1}},"line":1}},"branchMap":{"0":{"loc":{"start":{"line":1,"column":31},"end":{"line":1,"column":39}},"type":"default-arg","locations":[{"start":{"line":1,"column":37},"end":{"line":1,"column":39}}],"line":1},"1":{"loc":{"start":{"line":2,"column":2},"end":{"line":4,"column":3}},"type":"if","locations":[{"start":{"line":2,"column":2},"end":{"line":4,"column":3}},{"start":{"line":2,"column":2},"end":{"line":4,"column":3}}],"line":2}},"s":{"0":3,"1":4,"2":2,"3":2,"4":2,"5":2,"6":2,"7":2},"f":{"0":4},"b":{"0":[0],"1":[2,2]},"_coverageSchema":"332fd63041d2c1bcb487cc26dd0d5f7d97098a6c","hash":"918b0c67ec3d028c3cbac48a318bb1151bbdb45a"}
,"/home/alan/dev/alan/simple-schema-material-form/src/components/Radio/Radio.jsx": {"path":"/home/alan/dev/alan/simple-schema-material-form/src/components/Radio/Radio.jsx","statementMap":{"0":{"start":{"line":9,"column":30},"end":{"line":36,"column":1}},"1":{"start":{"line":12,"column":6},"end":{"line":12,"column":11}},"2":{"start":{"line":14,"column":2},"end":{"line":35,"column":4}},"3":{"start":{"line":26,"column":11},"end":{"line":31,"column":12}},"4":{"start":{"line":38,"column":14},"end":{"line":38,"column":59}},"5":{"start":{"line":38,"column":23},"end":{"line":38,"column":59}},"6":{"start":{"line":41,"column":16},"end":{"line":52,"column":1}},"7":{"start":{"line":46,"column":9},"end":{"line":51,"column":3}},"8":{"start":{"line":49,"column":19},"end":{"line":49,"column":58}},"9":{"start":{"line":54,"column":22},"end":{"line":54,"column":52}},"10":{"start":{"line":56,"column":0},"end":{"line":58,"column":2}},"11":{"start":{"line":60,"column":0},"end":{"line":64,"column":2}}},"fnMap":{"0":{"name":"(anonymous_0)","decl":{"start":{"line":9,"column":30},"end":{"line":9,"column":31}},"loc":{"start":{"line":9,"column":39},"end":{"line":36,"column":1}},"line":9},"1":{"name":"(anonymous_1)","decl":{"start":{"line":25,"column":27},"end":{"line":25,"column":28}},"loc":{"start":{"line":26,"column":11},"end":{"line":31,"column":12}},"line":26},"2":{"name":"(anonymous_2)","decl":{"start":{"line":38,"column":14},"end":{"line":38,"column":15}},"loc":{"start":{"line":38,"column":23},"end":{"line":38,"column":59}},"line":38},"3":{"name":"(anonymous_3)","decl":{"start":{"line":44,"column":11},"end":{"line":44,"column":12}},"loc":{"start":{"line":46,"column":9},"end":{"line":51,"column":3}},"line":46},"4":{"name":"(anonymous_4)","decl":{"start":{"line":49,"column":14},"end":{"line":49,"column":15}},"loc":{"start":{"line":49,"column":19},"end":{"line":49,"column":58}},"line":49}},"branchMap":{"0":{"loc":{"start":{"line":11,"column":21},"end":{"line":11,"column":39}},"type":"default-arg","locations":[{"start":{"line":11,"column":37},"end":{"line":11,"column":39}}],"line":11}},"s":{"0":2,"1":5,"2":5,"3":8,"4":2,"5":0,"6":2,"7":5,"8":1,"9":2,"10":2,"11":2},"f":{"0":5,"1":8,"2":0,"3":5,"4":1},"b":{"0":[1]},"_coverageSchema":"332fd63041d2c1bcb487cc26dd0d5f7d97098a6c","hash":"b9c109967f29447117c72f6f54b377d9e3c339a6"}
,"/home/alan/dev/alan/simple-schema-material-form/src/components/Radio/Radio.stories.js": {"path":"/home/alan/dev/alan/simple-schema-material-form/src/components/Radio/Radio.stories.js","statementMap":{"0":{"start":{"line":7,"column":0},"end":{"line":16,"column":6}},"1":{"start":{"line":10,"column":4},"end":{"line":15,"column":6}},"2":{"start":{"line":13,"column":19},"end":{"line":13,"column":40}}},"fnMap":{"0":{"name":"(anonymous_0)","decl":{"start":{"line":9,"column":40},"end":{"line":9,"column":41}},"loc":{"start":{"line":10,"column":4},"end":{"line":15,"column":6}},"line":10},"1":{"name":"(anonymous_1)","decl":{"start":{"line":13,"column":14},"end":{"line":13,"column":15}},"loc":{"start":{"line":13,"column":19},"end":{"line":13,"column":40}},"line":13}},"branchMap":{},"s":{"0":1,"1":1,"2":0},"f":{"0":1,"1":0},"b":{},"_coverageSchema":"332fd63041d2c1bcb487cc26dd0d5f7d97098a6c","hash":"e536731f5e47a46ddaf8a5a29c50e6ce45271576"}
,"/home/alan/dev/alan/simple-schema-material-form/src/components/Radio/index.js": {"path":"/home/alan/dev/alan/simple-schema-material-form/src/components/Radio/index.js","statementMap":{},"fnMap":{},"branchMap":{},"s":{},"f":{},"b":{},"_coverageSchema":"332fd63041d2c1bcb487cc26dd0d5f7d97098a6c","hash":"9a075e7280bf48ef0433e00d1687e415d9516917"}
,"/home/alan/dev/alan/simple-schema-material-form/src/components/TextInput/TextInput.jsx": {"path":"/home/alan/dev/alan/simple-schema-material-form/src/components/TextInput/TextInput.jsx","statementMap":{"0":{"start":{"line":7,"column":18},"end":{"line":9,"column":1}},"1":{"start":{"line":8,"column":2},"end":{"line":8,"column":34}},"2":{"start":{"line":11,"column":16},"end":{"line":22,"column":1}},"3":{"start":{"line":16,"column":9},"end":{"line":21,"column":3}},"4":{"start":{"line":19,"column":19},"end":{"line":19,"column":58}},"5":{"start":{"line":24,"column":26},"end":{"line":24,"column":44}},"6":{"start":{"line":26,"column":0},"end":{"line":28,"column":2}},"7":{"start":{"line":30,"column":0},"end":{"line":34,"column":2}}},"fnMap":{"0":{"name":"(anonymous_0)","decl":{"start":{"line":7,"column":18},"end":{"line":7,"column":19}},"loc":{"start":{"line":7,"column":27},"end":{"line":9,"column":1}},"line":7},"1":{"name":"(anonymous_1)","decl":{"start":{"line":14,"column":11},"end":{"line":14,"column":12}},"loc":{"start":{"line":16,"column":9},"end":{"line":21,"column":3}},"line":16},"2":{"name":"(anonymous_2)","decl":{"start":{"line":19,"column":14},"end":{"line":19,"column":15}},"loc":{"start":{"line":19,"column":19},"end":{"line":19,"column":58}},"line":19}},"branchMap":{},"s":{"0":4,"1":22,"2":4,"3":22,"4":6,"5":4,"6":4,"7":4},"f":{"0":22,"1":22,"2":6},"b":{},"_coverageSchema":"332fd63041d2c1bcb487cc26dd0d5f7d97098a6c","hash":"f91416aeb1df2e1c34d81dbd794d8599211364d8"}
,"/home/alan/dev/alan/simple-schema-material-form/src/components/TextInput/TextInput.stories.js": {"path":"/home/alan/dev/alan/simple-schema-material-form/src/components/TextInput/TextInput.stories.js","statementMap":{"0":{"start":{"line":7,"column":0},"end":{"line":15,"column":6}},"1":{"start":{"line":10,"column":4},"end":{"line":14,"column":6}},"2":{"start":{"line":12,"column":19},"end":{"line":12,"column":40}}},"fnMap":{"0":{"name":"(anonymous_0)","decl":{"start":{"line":9,"column":40},"end":{"line":9,"column":41}},"loc":{"start":{"line":10,"column":4},"end":{"line":14,"column":6}},"line":10},"1":{"name":"(anonymous_1)","decl":{"start":{"line":12,"column":14},"end":{"line":12,"column":15}},"loc":{"start":{"line":12,"column":19},"end":{"line":12,"column":40}},"line":12}},"branchMap":{},"s":{"0":1,"1":1,"2":0},"f":{"0":1,"1":0},"b":{},"_coverageSchema":"332fd63041d2c1bcb487cc26dd0d5f7d97098a6c","hash":"d8ab8921d5e71e9912692133833f06f554b609de"}
,"/home/alan/dev/alan/simple-schema-material-form/src/components/TextInput/index.js": {"path":"/home/alan/dev/alan/simple-schema-material-form/src/components/TextInput/index.js","statementMap":{"0":{"start":{"line":5,"column":16},"end":{"line":5,"column":77}},"1":{"start":{"line":5,"column":70},"end":{"line":5,"column":75}}},"fnMap":{"0":{"name":"(anonymous_0)","decl":{"start":{"line":5,"column":55},"end":{"line":5,"column":56}},"loc":{"start":{"line":5,"column":70},"end":{"line":5,"column":75}},"line":5}},"branchMap":{},"s":{"0":4,"1":0},"f":{"0":0},"b":{},"_coverageSchema":"332fd63041d2c1bcb487cc26dd0d5f7d97098a6c","hash":"b1970fc13fbbdbde9878d6e2d3cf2dc9a5c91e0f"}
,"/home/alan/dev/alan/simple-schema-material-form/src/pages/Index.jsx": {"path":"/home/alan/dev/alan/simple-schema-material-form/src/pages/Index.jsx","statementMap":{"0":{"start":{"line":7,"column":15},"end":{"line":12,"column":2}},"1":{"start":{"line":7,"column":25},"end":{"line":12,"column":1}},"2":{"start":{"line":15,"column":2},"end":{"line":20,"column":12}}},"fnMap":{"0":{"name":"(anonymous_0)","decl":{"start":{"line":7,"column":15},"end":{"line":7,"column":16}},"loc":{"start":{"line":7,"column":25},"end":{"line":12,"column":1}},"line":7},"1":{"name":"Index","decl":{"start":{"line":14,"column":9},"end":{"line":14,"column":14}},"loc":{"start":{"line":14,"column":23},"end":{"line":21,"column":1}},"line":14}},"branchMap":{},"s":{"0":1,"1":1,"2":1},"f":{"0":1,"1":1},"b":{},"_coverageSchema":"332fd63041d2c1bcb487cc26dd0d5f7d97098a6c","hash":"672cdf31f3e276341bd77c616231377a4c4bfcc4"}
,"/home/alan/dev/alan/simple-schema-material-form/src/stories/withTests.js": {"path":"/home/alan/dev/alan/simple-schema-material-form/src/stories/withTests.js","statementMap":{},"fnMap":{},"branchMap":{},"s":{},"f":{},"b":{},"_coverageSchema":"332fd63041d2c1bcb487cc26dd0d5f7d97098a6c","hash":"06f6818f6c8fe566ba7366b95e0d3f9ddd8b7e2d"}
}
