TN:
SF:/home/alan/dev/alan/simple-schema-material-form/src/index.js
FN:4,_interopRequireDefault
FNF:1
FNH:0
FNDA:0,_interopRequireDefault
DA:1,0
DA:2,0
DA:3,0
DA:4,0
DA:7,0
DA:8,0
LF:6
LH:0
BRDA:4,0,0,0
BRDA:4,0,1,0
BRDA:4,1,0,0
BRDA:4,1,1,0
BRF:4
BRH:0
end_of_record
TN:
SF:/home/alan/dev/alan/simple-schema-material-form/src/setupTests.js
FNF:0
FNH:0
DA:5,7
LF:1
LH:1
BRF:0
BRH:0
end_of_record
TN:
SF:/home/alan/dev/alan/simple-schema-material-form/src/withRoot.jsx
FN:24,withRoot
FN:25,WithRoot
FNF:2
FNH:2
FNDA:1,withRoot
FNDA:1,WithRoot
DA:9,1
DA:28,1
DA:37,1
LF:3
LH:3
BRF:0
BRH:0
end_of_record
TN:
SF:/home/alan/dev/alan/simple-schema-material-form/src/components/SelectionControl.jsx
FN:4,(anonymous_0)
FNF:1
FNH:1
FNDA:8,(anonymous_0)
DA:4,3
DA:5,8
DA:6,8
LF:3
LH:3
BRF:0
BRH:0
end_of_record
TN:
SF:/home/alan/dev/alan/simple-schema-material-form/src/components/Checkbox/Checkbox.jsx
FN:7,(anonymous_0)
FN:11,(anonymous_1)
FN:15,(anonymous_2)
FN:25,(anonymous_3)
FNF:4
FNH:4
FNDA:7,(anonymous_0)
FNDA:2,(anonymous_1)
FNDA:5,(anonymous_2)
FNDA:8,(anonymous_3)
DA:7,2
DA:10,7
DA:11,2
DA:15,2
DA:18,5
DA:20,5
DA:26,8
LF:7
LH:7
BRDA:17,0,0,1
BRF:1
BRH:1
end_of_record
TN:
SF:/home/alan/dev/alan/simple-schema-material-form/src/components/Checkbox/Checkbox.stories.js
FN:9,(anonymous_0)
FN:13,(anonymous_1)
FNF:2
FNH:1
FNDA:1,(anonymous_0)
FNDA:0,(anonymous_1)
DA:7,1
DA:10,1
DA:13,0
LF:3
LH:2
BRF:0
BRH:0
end_of_record
TN:
SF:/home/alan/dev/alan/simple-schema-material-form/src/components/Checkbox/index.js
FNF:0
FNH:0
LF:0
LH:0
BRF:0
BRH:0
end_of_record
TN:
SF:/home/alan/dev/alan/simple-schema-material-form/src/components/Form/Form.jsx
FN:11,(anonymous_0)
FN:17,(anonymous_1)
FN:31,(anonymous_2)
FN:31,(anonymous_3)
FNF:4
FNH:4
FNDA:19,(anonymous_0)
FNDA:4,(anonymous_1)
FNDA:5,(anonymous_2)
FNDA:5,(anonymous_3)
DA:11,3
DA:12,19
DA:13,19
DA:14,19
DA:17,4
DA:23,3
DA:31,5
DA:32,5
DA:33,5
DA:41,3
DA:43,3
DA:48,3
LF:12
LH:12
BRF:0
BRH:0
end_of_record
TN:
SF:/home/alan/dev/alan/simple-schema-material-form/src/components/Form/Form.stories.js
FN:15,(anonymous_0)
FN:15,(anonymous_1)
FN:17,(anonymous_2)
FN:36,(anonymous_3)
FN:47,(anonymous_4)
FN:52,(anonymous_5)
FN:62,(anonymous_6)
FN:67,(anonymous_7)
FN:76,(anonymous_8)
FN:81,(anonymous_9)
FNF:10
FNH:9
FNDA:6,(anonymous_0)
FNDA:0,(anonymous_1)
FNDA:6,(anonymous_2)
FNDA:1,(anonymous_3)
FNDA:1,(anonymous_4)
FNDA:1,(anonymous_5)
FNDA:1,(anonymous_6)
FNDA:1,(anonymous_7)
FNDA:1,(anonymous_8)
FNDA:1,(anonymous_9)
DA:15,6
DA:17,1
DA:18,6
DA:27,1
DA:34,1
DA:37,1
DA:48,1
DA:53,1
DA:60,1
DA:63,1
DA:68,1
DA:74,1
DA:77,1
DA:82,1
LF:14
LH:14
BRF:0
BRH:0
end_of_record
TN:
SF:/home/alan/dev/alan/simple-schema-material-form/src/components/Form/getChildProps.js
FN:4,(anonymous_0)
FN:4,(anonymous_1)
FN:11,(anonymous_2)
FN:19,(anonymous_3)
FN:35,(anonymous_4)
FN:46,(anonymous_5)
FN:58,(anonymous_6)
FN:78,(anonymous_7)
FN:78,(anonymous_8)
FN:102,(anonymous_9)
FNF:10
FNH:10
FNDA:46,(anonymous_0)
FNDA:10,(anonymous_1)
FNDA:46,(anonymous_2)
FNDA:46,(anonymous_3)
FNDA:23,(anonymous_4)
FNDA:20,(anonymous_5)
FNDA:26,(anonymous_6)
FNDA:19,(anonymous_7)
FNDA:23,(anonymous_8)
FNDA:19,(anonymous_9)
DA:4,46
DA:5,10
DA:6,4
DA:8,6
DA:11,3
DA:12,46
DA:13,0
DA:16,46
DA:19,3
DA:20,46
DA:22,46
DA:23,46
DA:32,46
DA:35,3
DA:36,23
DA:37,0
DA:40,23
DA:41,3
DA:43,20
DA:46,3
DA:47,20
DA:48,0
DA:50,0
DA:51,0
DA:53,0
DA:55,20
DA:58,3
DA:59,26
DA:61,26
DA:71,26
DA:78,19
DA:79,23
DA:81,23
DA:83,23
DA:84,3
DA:87,20
DA:88,20
DA:92,20
DA:95,20
DA:96,0
DA:99,20
DA:102,3
DA:103,19
DA:105,19
DA:106,19
DA:108,19
LF:46
LH:39
BRDA:5,0,0,4
BRDA:5,0,1,6
BRDA:11,1,0,18
BRDA:12,2,0,0
BRDA:12,2,1,46
BRDA:36,3,0,0
BRDA:36,3,1,23
BRDA:36,4,0,23
BRDA:36,4,1,23
BRDA:40,5,0,3
BRDA:40,5,1,20
BRDA:47,6,0,0
BRDA:47,6,1,20
BRDA:50,7,0,0
BRDA:50,7,1,0
BRDA:83,8,0,3
BRDA:83,8,1,20
BRDA:95,9,0,0
BRDA:95,9,1,20
BRF:19
BRH:13
end_of_record
TN:
SF:/home/alan/dev/alan/simple-schema-material-form/src/components/Form/index.js
FN:1,_interopRequireDefault
FNF:1
FNH:0
FNDA:0,_interopRequireDefault
DA:1,0
LF:1
LH:0
BRDA:1,0,0,0
BRDA:1,0,1,0
BRDA:1,1,0,0
BRDA:1,1,1,0
BRF:4
BRH:0
end_of_record
TN:
SF:/home/alan/dev/alan/simple-schema-material-form/src/components/Form/submitHandler.js
FN:3,(anonymous_0)
FN:4,(anonymous_1)
FN:5,(anonymous_2)
FNF:3
FNH:3
FNDA:4,(anonymous_0)
FNDA:3,(anonymous_1)
FNDA:4,(anonymous_2)
DA:3,3
DA:4,3
DA:5,4
DA:8,4
DA:11,4
DA:13,4
DA:14,3
DA:16,3
LF:8
LH:8
BRDA:4,0,0,4
BRDA:5,1,0,4
BRDA:13,2,0,3
BRDA:13,2,1,1
BRF:4
BRH:4
end_of_record
TN:
SF:/home/alan/dev/alan/simple-schema-material-form/src/components/Form/validateForm.js
FN:1,(anonymous_0)
FNF:1
FNH:1
FNDA:4,(anonymous_0)
DA:1,3
DA:2,4
DA:3,2
DA:6,2
DA:7,2
DA:9,2
DA:10,2
DA:11,2
LF:8
LH:8
BRDA:1,0,0,0
BRDA:2,1,0,2
BRDA:2,1,1,2
BRF:3
BRH:2
end_of_record
TN:
SF:/home/alan/dev/alan/simple-schema-material-form/src/components/Radio/Radio.jsx
FN:9,(anonymous_0)
FN:25,(anonymous_1)
FN:38,(anonymous_2)
FN:44,(anonymous_3)
FN:49,(anonymous_4)
FNF:5
FNH:4
FNDA:5,(anonymous_0)
FNDA:8,(anonymous_1)
FNDA:0,(anonymous_2)
FNDA:5,(anonymous_3)
FNDA:1,(anonymous_4)
DA:9,2
DA:12,5
DA:14,5
DA:26,8
DA:38,2
DA:41,2
DA:46,5
DA:49,1
DA:54,2
DA:56,2
DA:60,2
LF:11
LH:11
BRDA:11,0,0,1
BRF:1
BRH:1
end_of_record
TN:
SF:/home/alan/dev/alan/simple-schema-material-form/src/components/Radio/Radio.stories.js
FN:9,(anonymous_0)
FN:13,(anonymous_1)
FNF:2
FNH:1
FNDA:1,(anonymous_0)
FNDA:0,(anonymous_1)
DA:7,1
DA:10,1
DA:13,0
LF:3
LH:2
BRF:0
BRH:0
end_of_record
TN:
SF:/home/alan/dev/alan/simple-schema-material-form/src/components/Radio/index.js
FNF:0
FNH:0
LF:0
LH:0
BRF:0
BRH:0
end_of_record
TN:
SF:/home/alan/dev/alan/simple-schema-material-form/src/components/TextInput/TextInput.jsx
FN:7,(anonymous_0)
FN:14,(anonymous_1)
FN:19,(anonymous_2)
FNF:3
FNH:3
FNDA:22,(anonymous_0)
FNDA:22,(anonymous_1)
FNDA:6,(anonymous_2)
DA:7,4
DA:8,22
DA:11,4
DA:16,22
DA:19,6
DA:24,4
DA:26,4
DA:30,4
LF:8
LH:8
BRF:0
BRH:0
end_of_record
TN:
SF:/home/alan/dev/alan/simple-schema-material-form/src/components/TextInput/TextInput.stories.js
FN:9,(anonymous_0)
FN:12,(anonymous_1)
FNF:2
FNH:1
FNDA:1,(anonymous_0)
FNDA:0,(anonymous_1)
DA:7,1
DA:10,1
DA:12,0
LF:3
LH:2
BRF:0
BRH:0
end_of_record
TN:
SF:/home/alan/dev/alan/simple-schema-material-form/src/components/TextInput/index.js
FN:5,(anonymous_0)
FNF:1
FNH:0
FNDA:0,(anonymous_0)
DA:5,4
LF:1
LH:1
BRF:0
BRH:0
end_of_record
TN:
SF:/home/alan/dev/alan/simple-schema-material-form/src/pages/Index.jsx
FN:7,(anonymous_0)
FN:14,Index
FNF:2
FNH:2
FNDA:1,(anonymous_0)
FNDA:1,Index
DA:7,1
DA:15,1
LF:2
LH:2
BRF:0
BRH:0
end_of_record
TN:
SF:/home/alan/dev/alan/simple-schema-material-form/src/stories/withTests.js
FNF:0
FNH:0
LF:0
LH:0
BRF:0
BRH:0
end_of_record
